This is pdfTeX, Version 3.1415926-1.40.10 (MiKTeX 2.8) (preloaded format=pdflatex 2010.11.17)  25 DEC 2010 17:30
entering extended mode
**Tex_Befehle_Projekt.tex

("C:\Users\Cheffe\Documents\My Dropbox\TeX\TeX_Projekte\Tex_Befehle_Projekt\Tex
_Befehle_Projekt.tex"
LaTeX2e <2005/12/01>
Babel <v3.8l> and hyphenation patterns for english, dumylang, nohyphenation, ge
rman, ngerman, german-x-2009-06-19, ngerman-x-2009-06-19, french, loaded.
(C:\Users\Cheffe\AppData\Roaming\MiKTeX\2.8\tex\latex\koma-script\scrartcl.cls
Document Class: scrartcl 2010/02/15 v3.05 KOMA-Script document class (article)
(C:\Users\Cheffe\AppData\Roaming\MiKTeX\2.8\tex\latex\koma-script\scrkbase.sty
Package: scrkbase 2010/02/15 v3.05 KOMA-Script package (KOMA-Script-dependent b
asics and keyval usage)

(C:\Users\Cheffe\AppData\Roaming\MiKTeX\2.8\tex\latex\koma-script\scrbase.sty
Package: scrbase 2010/02/15 v3.05 KOMA-Script package (KOMA-Script-independent 
basics and keyval usage)

("C:\Program Files\MiKTeX 2.8\tex\latex\graphics\keyval.sty"
Package: keyval 1999/03/16 v1.13 key=value parser (DPC)
\KV@toks@=\toks14
)
(C:\Users\Cheffe\AppData\Roaming\MiKTeX\2.8\tex\latex\koma-script\scrlfile.sty
Package: scrlfile 2009/03/25 v3.03 KOMA-Script package (loading files)

Package scrlfile, 2009/03/25 v3.03 KOMA-Script package (loading files)
                  Copyright (C) Markus Kohm

)))
(C:\Users\Cheffe\AppData\Roaming\MiKTeX\2.8\tex\latex\koma-script\tocbasic.sty
Package: tocbasic 2010/01/05 v3.04b KOMA-Script package (handling toc-files)
)
Package tocbasic Info: omitting babel extension for `toc'
(tocbasic)             because of feature `nobabel' available
(tocbasic)             for `toc' on input line 115.
Package tocbasic Info: omitting babel extension for `lof'
(tocbasic)             because of feature `nobabel' available
(tocbasic)             for `lof' on input line 116.
Package tocbasic Info: omitting babel extension for `lot'
(tocbasic)             because of feature `nobabel' available
(tocbasic)             for `lot' on input line 117.
Package scrartcl Info: You've used obsolete option `10pt'.
(scrartcl)             \KOMAExecuteOptions{fontsize=10pt} will be
(scrartcl)             used instead.
(scrartcl)             You may simply replace `10pt'
(scrartcl)             by `fontsize=10pt'.
Class scrartcl Info: File `scrsize10pt.clo' used to setup font sizes on input l
ine 1171.

(C:\Users\Cheffe\AppData\Roaming\MiKTeX\2.8\tex\latex\koma-script\scrsize10pt.c
lo
File: scrsize10pt.clo 2010/02/15 v3.05 KOMA-Script font size class option (10pt
)
)
(C:\Users\Cheffe\AppData\Roaming\MiKTeX\2.8\tex\latex\koma-script\typearea.sty
Package: typearea 2010/02/15 v3.05 KOMA-Script package (type area)

Package typearea, 2010/02/15 v3.05 KOMA-Script package (type area)
                  Copyright (C) Frank Neukam, 1992-1994
                  Copyright (C) Markus Kohm, 1994-

\ta@bcor=\skip41
\ta@div=\count79
Package typearea Info: You've used standard option `a4paper'.
(typearea)             This is correct!
(typearea)             Internally I'm using `paper=a4'.
(typearea)             If you'd like to set the option with \KOMAoptions,
(typearea)             you'd have to use `paper=a4' there
(typearea)             instead of `a4paper', too.
\ta@hblk=\skip42
\ta@vblk=\skip43
\ta@temp=\skip44

Package typearea Warning: Bad type area settings!
(typearea)                The detected line width is about 34%
(typearea)                larger than the heuristically detected line width.
(typearea)                You should e.g. decrease DIV, increase fontsize
(typearea)                or change papersize.

Package typearea Info: These are the values describing the layout:
(typearea)             DIV  = 15
(typearea)             BCOR = 0.0pt
(typearea)             \paperwidth      = 597.50793pt
(typearea)              \textwidth      = 478.00635pt
(typearea)              DIV departure   = -34%
(typearea)              \evensidemargin = -12.5192pt
(typearea)              \oddsidemargin  = -12.5192pt
(typearea)             \paperheight     = 845.04694pt
(typearea)              \textheight     = 682.0pt
(typearea)              \topmargin      = -48.93353pt
(typearea)              \headheight     = 15.0pt
(typearea)              \headsep        = 18.0pt
(typearea)              \topskip        = 10.0pt
(typearea)              \footskip       = 42.0pt
(typearea)              \baselineskip   = 12.0pt
(typearea)              on input line 1115.
)
\c@part=\count80
\c@section=\count81
\c@subsection=\count82
\c@subsubsection=\count83
\c@paragraph=\count84
\c@subparagraph=\count85
\abovecaptionskip=\skip45
\belowcaptionskip=\skip46
\c@pti@nb@sid@b@x=\box26
\c@figure=\count86
\c@table=\count87
\bibindent=\dimen102
) ("C:\Program Files\MiKTeX 2.8\tex\generic\babel\babel.sty"
Package: babel 2008/07/06 v3.8l The Babel package

*************************************
* Local config file bblopts.cfg used
*
("C:\Program Files\MiKTeX 2.8\tex\latex\00miktex\bblopts.cfg"
File: bblopts.cfg 2006/07/31 v1.0 MiKTeX 'babel' configuration
)
("C:\Program Files\MiKTeX 2.8\tex\generic\babel\ngermanb.ldf"
Language: ngermanb 2008/07/06 v2.6n new German support from the babel system

("C:\Program Files\MiKTeX 2.8\tex\generic\babel\babel.def"
File: babel.def 2008/07/06 v3.8l Babel common definitions
\babel@savecnt=\count88
\U@D=\dimen103
)
\l@naustrian = a dialect from \language\l@ngerman 
Package babel Info: Making " an active character on input line 92.
))
("C:\Program Files\MiKTeX 2.8\tex\latex\base\fontenc.sty"
Package: fontenc 2005/09/27 v1.99g Standard LaTeX package

("C:\Program Files\MiKTeX 2.8\tex\latex\base\t1enc.def"
File: t1enc.def 2005/09/27 v1.99g Standard LaTeX file
LaTeX Font Info:    Redeclaring font encoding T1 on input line 43.
))
("C:\Program Files\MiKTeX 2.8\tex\latex\base\inputenc.sty"
Package: inputenc 2006/05/05 v1.1b Input encoding file
\inpenc@prehook=\toks15
\inpenc@posthook=\toks16

("C:\Program Files\MiKTeX 2.8\tex\latex\base\latin1.def"
File: latin1.def 2006/05/05 v1.1b Input encoding file
))
("C:\Program Files\MiKTeX 2.8\tex\latex\psnfss\charter.sty"
Package: charter 2005/04/12 PSNFSS-v9.2a (P.Dyballa) 
)
("C:\Program Files\MiKTeX 2.8\tex\latex\psnfss\helvet.sty"
Package: helvet 2005/04/12 PSNFSS-v9.2a (WaS) 
)
("C:\Program Files\MiKTeX 2.8\tex\latex\psnfss\courier.sty"
Package: courier 2005/04/12 PSNFSS-v9.2a (WaS) 
)
(C:\Users\Cheffe\AppData\Roaming\MiKTeX\2.8\tex\latex\microtype\microtype.sty
Package: microtype 2010/01/10 v2.4 Micro-typography with pdfTeX (RS)
\MT@toks=\toks17
\MT@count=\count89
LaTeX Info: Redefining \lsstyle on input line 1597.
LaTeX Info: Redefining \lslig on input line 1597.
\MT@outer@space=\skip47
LaTeX Info: Redefining \textls on input line 1605.
\MT@outer@kern=\dimen104
LaTeX Info: Redefining \textmicrotypecontext on input line 2156.
Package microtype Info: Loading configuration file microtype.cfg.

(C:\Users\Cheffe\AppData\Roaming\MiKTeX\2.8\tex\latex\microtype\microtype.cfg
File: microtype.cfg 2010/01/10 v2.4 microtype main configuration file (RS)
)) ("C:\Program Files\MiKTeX 2.8\tex\latex\graphics\graphicx.sty"
Package: graphicx 1999/02/16 v1.0f Enhanced LaTeX Graphics (DPC,SPQR)

("C:\Program Files\MiKTeX 2.8\tex\latex\graphics\graphics.sty"
Package: graphics 2006/02/20 v1.0o Standard LaTeX Graphics (DPC,SPQR)

("C:\Program Files\MiKTeX 2.8\tex\latex\graphics\trig.sty"
Package: trig 1999/03/16 v1.09 sin cos tan (DPC)
)
("C:\Program Files\MiKTeX 2.8\tex\latex\00miktex\graphics.cfg"
File: graphics.cfg 2007/01/18 v1.5 graphics configuration of teTeX/TeXLive
)
Package graphics Info: Driver file: pdftex.def on input line 90.

("C:\Program Files\MiKTeX 2.8\tex\latex\pdftex-def\pdftex.def"
File: pdftex.def 2009/08/25 v0.04m Graphics/color for pdfTeX
\Gread@gobject=\count90
))
\Gin@req@height=\dimen105
\Gin@req@width=\dimen106
)
("C:\Program Files\MiKTeX 2.8\tex\latex\tools\multicol.sty"
Package: multicol 2006/05/18 v1.6g multicolumn formatting (FMi)
\c@tracingmulticols=\count91
\mult@box=\box27
\multicol@leftmargin=\dimen107
\c@unbalance=\count92
\c@collectmore=\count93
\doublecol@number=\count94
\multicoltolerance=\count95
\multicolpretolerance=\count96
\full@width=\dimen108
\page@free=\dimen109
\premulticols=\dimen110
\postmulticols=\dimen111
\multicolsep=\skip48
\multicolbaselineskip=\skip49
\partial@page=\box28
\last@line=\box29
\mult@rightbox=\box30
\mult@grightbox=\box31
\mult@gfirstbox=\box32
\mult@firstbox=\box33
\@tempa=\box34
\@tempa=\box35
\@tempa=\box36
\@tempa=\box37
\@tempa=\box38
\@tempa=\box39
\@tempa=\box40
\@tempa=\box41
\@tempa=\box42
\@tempa=\box43
\@tempa=\box44
\@tempa=\box45
\@tempa=\box46
\@tempa=\box47
\@tempa=\box48
\@tempa=\box49
\@tempa=\box50
\c@columnbadness=\count97
\c@finalcolumnbadness=\count98
\last@try=\dimen112
\multicolovershoot=\dimen113
\multicolundershoot=\dimen114
\mult@nat@firstbox=\box51
\colbreak@box=\box52
)
("C:\Program Files\MiKTeX 2.8\tex\latex\ltxmisc\url.sty"
\Urlmuskip=\muskip10
Package: url 2006/04/12  ver 3.3  Verb mode for urls, etc.
)
("C:\Program Files\MiKTeX 2.8\tex\latex\ams\math\amsmath.sty"
Package: amsmath 2000/07/18 v2.13 AMS math features
\@mathmargin=\skip50

For additional information on amsmath, use the `?' option.
("C:\Program Files\MiKTeX 2.8\tex\latex\ams\math\amstext.sty"
Package: amstext 2000/06/29 v2.01

("C:\Program Files\MiKTeX 2.8\tex\latex\ams\math\amsgen.sty"
File: amsgen.sty 1999/11/30 v2.0
\@emptytoks=\toks18
\ex@=\dimen115
))
("C:\Program Files\MiKTeX 2.8\tex\latex\ams\math\amsbsy.sty"
Package: amsbsy 1999/11/29 v1.2d
\pmbraise@=\dimen116
)
("C:\Program Files\MiKTeX 2.8\tex\latex\ams\math\amsopn.sty"
Package: amsopn 1999/12/14 v2.01 operator names
)
\inf@bad=\count99
LaTeX Info: Redefining \frac on input line 211.
\uproot@=\count100
\leftroot@=\count101
LaTeX Info: Redefining \overline on input line 307.
\classnum@=\count102
\DOTSCASE@=\count103
LaTeX Info: Redefining \ldots on input line 379.
LaTeX Info: Redefining \dots on input line 382.
LaTeX Info: Redefining \cdots on input line 467.
\Mathstrutbox@=\box53
\strutbox@=\box54
\big@size=\dimen117
LaTeX Font Info:    Redeclaring font encoding OML on input line 567.
LaTeX Font Info:    Redeclaring font encoding OMS on input line 568.
\macc@depth=\count104
\c@MaxMatrixCols=\count105
\dotsspace@=\muskip11
\c@parentequation=\count106
\dspbrk@lvl=\count107
\tag@help=\toks19
\row@=\count108
\column@=\count109
\maxfields@=\count110
\andhelp@=\toks20
\eqnshift@=\dimen118
\alignsep@=\dimen119
\tagshift@=\dimen120
\tagwidth@=\dimen121
\totwidth@=\dimen122
\lineht@=\dimen123
\@envbody=\toks21
\multlinegap=\skip51
\multlinetaggap=\skip52
\mathdisplay@stack=\toks22
LaTeX Info: Redefining \[ on input line 2666.
LaTeX Info: Redefining \] on input line 2667.
)
("C:\Program Files\MiKTeX 2.8\tex\latex\amsfonts\amsfonts.sty"
Package: amsfonts 2009/06/22 v3.00 Basic AMSFonts support
\symAMSa=\mathgroup4
\symAMSb=\mathgroup5
LaTeX Font Info:    Overwriting math alphabet `\mathfrak' in version `bold'
(Font)                  U/euf/m/n --> U/euf/b/n on input line 96.
)
(C:\Users\Cheffe\AppData\Roaming\MiKTeX\2.8\tex\latex\stmaryrd\stmaryrd.sty
Package: stmaryrd 1994/03/03 St Mary's Road symbol package
\symstmry=\mathgroup6
LaTeX Font Info:    Overwriting symbol font `stmry' in version `bold'
(Font)                  U/stmry/m/n --> U/stmry/b/n on input line 89.
)
(C:\Users\Cheffe\AppData\Roaming\MiKTeX\2.8\tex\latex\listings\listings.sty
\lst@mode=\count111
\lst@gtempboxa=\box55
\lst@token=\toks23
\lst@length=\count112
\lst@currlwidth=\dimen124
\lst@column=\count113
\lst@pos=\count114
\lst@lostspace=\dimen125
\lst@width=\dimen126
\lst@newlines=\count115
\lst@lineno=\count116
\lst@maxwidth=\dimen127

(C:\Users\Cheffe\AppData\Roaming\MiKTeX\2.8\tex\latex\listings\lstmisc.sty
File: lstmisc.sty 2007/02/22 1.4 (Carsten Heinz)
\c@lstnumber=\count117
\lst@skipnumbers=\count118
\lst@framebox=\box56
)
(C:\Users\Cheffe\AppData\Roaming\MiKTeX\2.8\tex\latex\listings\listings.cfg
File: listings.cfg 2007/02/22 1.4 listings configuration
))
Package: listings 2007/02/22 1.4 (Carsten Heinz)

(C:\Users\Cheffe\AppData\Roaming\MiKTeX\2.8\tex\latex\xcolor\xcolor.sty
Package: xcolor 2007/01/21 v2.11 LaTeX color extensions (UK)

("C:\Program Files\MiKTeX 2.8\tex\latex\00miktex\color.cfg"
File: color.cfg 2007/01/18 v1.5 color configuration of teTeX/TeXLive
)
Package xcolor Info: Driver file: pdftex.def on input line 225.
Package xcolor Info: Model `cmy' substituted by `cmy0' on input line 1337.
Package xcolor Info: Model `hsb' substituted by `rgb' on input line 1341.
Package xcolor Info: Model `RGB' extended on input line 1353.
Package xcolor Info: Model `HTML' substituted by `rgb' on input line 1355.
Package xcolor Info: Model `Hsb' substituted by `hsb' on input line 1356.
Package xcolor Info: Model `tHsb' substituted by `hsb' on input line 1357.
Package xcolor Info: Model `HSB' substituted by `hsb' on input line 1358.
Package xcolor Info: Model `Gray' substituted by `gray' on input line 1359.
Package xcolor Info: Model `wave' substituted by `hsb' on input line 1360.

(C:\Users\Cheffe\AppData\Roaming\MiKTeX\2.8\tex\latex\xcolor\svgnam.def
File: svgnam.def 2007/01/21 v2.11 Predefined colors according to SVG 1.1 (UK)
))
(C:\Users\Cheffe\AppData\Roaming\MiKTeX\2.8\tex\latex\showexpl\showexpl.sty
Package: showexpl 2007/02/03 v0.3h Typesetting example code (RN)

("C:\Program Files\MiKTeX 2.8\tex\latex\tools\calc.sty"
Package: calc 2005/08/06 v4.2 Infix arithmetic (KKT,FJ)
\calc@Acount=\count119
\calc@Bcount=\count120
\calc@Adimen=\dimen128
\calc@Bdimen=\dimen129
\calc@Askip=\skip53
\calc@Bskip=\skip54
LaTeX Info: Redefining \setlength on input line 75.
LaTeX Info: Redefining \addtolength on input line 76.
\calc@Ccount=\count121
\calc@Cskip=\skip55
)
("C:\Program Files\MiKTeX 2.8\tex\latex\base\ifthen.sty"
Package: ifthen 2001/05/26 v1.1c Standard LaTeX ifthen package (DPC)
)
("C:\Program Files\MiKTeX 2.8\tex\latex\ltxmisc\varwidth.sty"
Package: varwidth 2009/03/30 ver 0.92;  Variable-width minipages
\@vwid@box=\box57
\sift@deathcycles=\count122
\@vwid@loff=\dimen130
\@vwid@roff=\dimen131
)
(C:\Users\Cheffe\AppData\Roaming\MiKTeX\2.8\tex\latex\listings\lstmisc.sty
File: lstmisc.sty 2007/02/22 1.4 (Carsten Heinz)
\lst@WFtoken=\toks24
\lst@WF=\write3
)
\SX@ResBox=\box58
\c@ltxexample=\count123
)
(C:\Users\Cheffe\AppData\Roaming\MiKTeX\2.8\tex\latex\bbding\bbding.sty
Package: bbding 1999/04/15 v1.01 Dingbats symbols
)
(C:\Users\Cheffe\AppData\Roaming\MiKTeX\2.8\tex\latex\txfonts\txfonts.sty
Package: txfonts 2008/01/22 v3.2.1
LaTeX Font Info:    Redeclaring symbol font `operators' on input line 21.
LaTeX Font Info:    Overwriting symbol font `operators' in version `normal'
(Font)                  OT1/cmr/m/n --> OT1/txr/m/n on input line 21.
LaTeX Font Info:    Overwriting symbol font `operators' in version `bold'
(Font)                  OT1/cmr/bx/n --> OT1/txr/m/n on input line 21.
LaTeX Font Info:    Overwriting symbol font `operators' in version `bold'
(Font)                  OT1/txr/m/n --> OT1/txr/bx/n on input line 22.
\symitalic=\mathgroup7
LaTeX Font Info:    Overwriting symbol font `italic' in version `bold'
(Font)                  OT1/txr/m/it --> OT1/txr/bx/it on input line 26.
LaTeX Font Info:    Redeclaring math alphabet \mathbf on input line 29.
LaTeX Font Info:    Overwriting math alphabet `\mathbf' in version `normal'
(Font)                  OT1/cmr/bx/n --> OT1/txr/bx/n on input line 29.
LaTeX Font Info:    Overwriting math alphabet `\mathbf' in version `bold'
(Font)                  OT1/cmr/bx/n --> OT1/txr/bx/n on input line 29.
LaTeX Font Info:    Redeclaring math alphabet \mathit on input line 30.
LaTeX Font Info:    Overwriting math alphabet `\mathit' in version `normal'
(Font)                  OT1/cmr/m/it --> OT1/txr/m/it on input line 30.
LaTeX Font Info:    Overwriting math alphabet `\mathit' in version `bold'
(Font)                  OT1/cmr/bx/it --> OT1/txr/m/it on input line 30.
LaTeX Font Info:    Overwriting math alphabet `\mathit' in version `bold'
(Font)                  OT1/txr/m/it --> OT1/txr/bx/it on input line 31.
LaTeX Font Info:    Redeclaring math alphabet \mathsf on input line 40.
LaTeX Font Info:    Overwriting math alphabet `\mathsf' in version `normal'
(Font)                  OT1/cmss/m/n --> OT1/txss/m/n on input line 40.
LaTeX Font Info:    Overwriting math alphabet `\mathsf' in version `bold'
(Font)                  OT1/cmss/bx/n --> OT1/txss/m/n on input line 40.
LaTeX Font Info:    Overwriting math alphabet `\mathsf' in version `bold'
(Font)                  OT1/txss/m/n --> OT1/txss/b/n on input line 41.
LaTeX Font Info:    Redeclaring math alphabet \mathtt on input line 50.
LaTeX Font Info:    Overwriting math alphabet `\mathtt' in version `normal'
(Font)                  OT1/cmtt/m/n --> OT1/txtt/m/n on input line 50.
LaTeX Font Info:    Overwriting math alphabet `\mathtt' in version `bold'
(Font)                  OT1/cmtt/m/n --> OT1/txtt/m/n on input line 50.
LaTeX Font Info:    Overwriting math alphabet `\mathtt' in version `bold'
(Font)                  OT1/txtt/m/n --> OT1/txtt/b/n on input line 51.
LaTeX Font Info:    Redeclaring symbol font `letters' on input line 58.
LaTeX Font Info:    Overwriting symbol font `letters' in version `normal'
(Font)                  OML/cmm/m/it --> OML/txmi/m/it on input line 58.
LaTeX Font Info:    Overwriting symbol font `letters' in version `bold'
(Font)                  OML/cmm/b/it --> OML/txmi/m/it on input line 58.
LaTeX Font Info:    Overwriting symbol font `letters' in version `bold'
(Font)                  OML/txmi/m/it --> OML/txmi/bx/it on input line 59.
\symlettersA=\mathgroup8
LaTeX Font Info:    Overwriting symbol font `lettersA' in version `bold'
(Font)                  U/txmia/m/it --> U/txmia/bx/it on input line 67.
LaTeX Font Info:    Redeclaring math alphabet \mathfrak on input line 70.
LaTeX Font Info:    Redeclaring symbol font `symbols' on input line 77.
LaTeX Font Info:    Overwriting symbol font `symbols' in version `normal'
(Font)                  OMS/cmsy/m/n --> OMS/txsy/m/n on input line 77.
LaTeX Font Info:    Overwriting symbol font `symbols' in version `bold'
(Font)                  OMS/cmsy/b/n --> OMS/txsy/m/n on input line 77.
LaTeX Font Info:    Overwriting symbol font `symbols' in version `bold'
(Font)                  OMS/txsy/m/n --> OMS/txsy/bx/n on input line 78.
LaTeX Font Info:    Redeclaring symbol font `AMSa' on input line 93.
LaTeX Font Info:    Overwriting symbol font `AMSa' in version `normal'
(Font)                  U/msa/m/n --> U/txsya/m/n on input line 93.
LaTeX Font Info:    Overwriting symbol font `AMSa' in version `bold'
(Font)                  U/msa/m/n --> U/txsya/m/n on input line 93.
LaTeX Font Info:    Overwriting symbol font `AMSa' in version `bold'
(Font)                  U/txsya/m/n --> U/txsya/bx/n on input line 94.
LaTeX Font Info:    Redeclaring symbol font `AMSb' on input line 102.
LaTeX Font Info:    Overwriting symbol font `AMSb' in version `normal'
(Font)                  U/msb/m/n --> U/txsyb/m/n on input line 102.
LaTeX Font Info:    Overwriting symbol font `AMSb' in version `bold'
(Font)                  U/msb/m/n --> U/txsyb/m/n on input line 102.
LaTeX Font Info:    Overwriting symbol font `AMSb' in version `bold'
(Font)                  U/txsyb/m/n --> U/txsyb/bx/n on input line 103.
\symsymbolsC=\mathgroup9
LaTeX Font Info:    Overwriting symbol font `symbolsC' in version `bold'
(Font)                  U/txsyc/m/n --> U/txsyc/bx/n on input line 113.
LaTeX Font Info:    Redeclaring symbol font `largesymbols' on input line 120.
LaTeX Font Info:    Overwriting symbol font `largesymbols' in version `normal'
(Font)                  OMX/cmex/m/n --> OMX/txex/m/n on input line 120.
LaTeX Font Info:    Overwriting symbol font `largesymbols' in version `bold'
(Font)                  OMX/cmex/m/n --> OMX/txex/m/n on input line 120.
LaTeX Font Info:    Overwriting symbol font `largesymbols' in version `bold'
(Font)                  OMX/txex/m/n --> OMX/txex/bx/n on input line 121.
\symlargesymbolsA=\mathgroup10
LaTeX Font Info:    Overwriting symbol font `largesymbolsA' in version `bold'
(Font)                  U/txexa/m/n --> U/txexa/bx/n on input line 129.
LaTeX Info: Redefining \not on input line 1043.
)
(C:\Users\Cheffe\AppData\Roaming\MiKTeX\2.8\tex\latex\ulsy\ulsy.sty)
(C:\Users\Cheffe\AppData\Roaming\MiKTeX\2.8\tex\latex\listliketab\listliketab.s
ty
Package: listliketab 2005/01/09 v1.0a Create list-like tabulars
 ("C:\Program Files\MiKTeX 2.8\tex\latex\tools\array.sty"
Package: array 2005/08/23 v2.4b Tabular extension package (FMi)
\col@sep=\dimen132
\extrarowheight=\dimen133
\NC@list=\toks25
\extratabsurround=\skip56
\backup@length=\skip57
)
\llt@labelwidth=\skip58
\llt@labelsep=\skip59
\llt@topsep=\skip60
\llt@rightmargin=\skip61
\llt@tab@indent=\skip62
\llt@bot@sep=\skip63
\llt@arraystretch=\skip64
\llt@list@box=\box59
)
("C:\Program Files\MiKTeX 2.8\tex\latex\tools\tabularx.sty"
Package: tabularx 1999/01/07 v2.07 `tabularx' package (DPC)
\TX@col@width=\dimen134
\TX@old@table=\dimen135
\TX@old@col=\dimen136
\TX@target=\dimen137
\TX@delta=\dimen138
\TX@cols=\count124
\TX@ftn=\toks26
)
("C:\Program Files\MiKTeX 2.8\tex\latex\tools\longtable.sty"
Package: longtable 2004/02/01 v4.11 Multi-page Table package (DPC)
\LTleft=\skip65
\LTright=\skip66
\LTpre=\skip67
\LTpost=\skip68
\LTchunksize=\count125
\LTcapwidth=\dimen139
\LT@head=\box60
\LT@firsthead=\box61
\LT@foot=\box62
\LT@lastfoot=\box63
\LT@cols=\count126
\LT@rows=\count127
\c@LT@tables=\count128
\c@LT@chunks=\count129
\LT@p@ftn=\toks27
)
Class scrartcl Info: longtable captions redefined on input line 70.

("C:\Program Files\MiKTeX 2.8\tex\latex\ltxmisc\framed.sty"
Package: framed 2007/10/04 v 0.95: framed or shaded text with page breaks
\fb@frw=\dimen140
\fb@frh=\dimen141
\FrameRule=\dimen142
\FrameSep=\dimen143
)
(C:\Users\Cheffe\AppData\Roaming\MiKTeX\2.8\tex\latex\pgf\frontendlayer\tikz.st
y (C:\Users\Cheffe\AppData\Roaming\MiKTeX\2.8\tex\latex\pgf\basiclayer\pgf.sty
(C:\Users\Cheffe\AppData\Roaming\MiKTeX\2.8\tex\latex\pgf\utilities\pgfrcs.sty
(C:\Users\Cheffe\AppData\Roaming\MiKTeX\2.8\tex\generic\pgf\utilities\pgfutil-c
ommon.tex
\pgfutil@everybye=\toks28
)
(C:\Users\Cheffe\AppData\Roaming\MiKTeX\2.8\tex\generic\pgf\utilities\pgfutil-l
atex.def)
(C:\Users\Cheffe\AppData\Roaming\MiKTeX\2.8\tex\generic\pgf\utilities\pgfrcs.co
de.tex
Package: pgfrcs 2008/02/20 v2.00 (rcs-revision 1.21)
))
Package: pgf 2008/01/15 v2.00 (rcs-revision 1.12)

(C:\Users\Cheffe\AppData\Roaming\MiKTeX\2.8\tex\latex\pgf\basiclayer\pgfcore.st
y
(C:\Users\Cheffe\AppData\Roaming\MiKTeX\2.8\tex\latex\pgf\systemlayer\pgfsys.st
y
(C:\Users\Cheffe\AppData\Roaming\MiKTeX\2.8\tex\generic\pgf\systemlayer\pgfsys.
code.tex
Package: pgfsys 2008/02/07 v2.00 (rcs-revision 1.31)

(C:\Users\Cheffe\AppData\Roaming\MiKTeX\2.8\tex\generic\pgf\utilities\pgfkeys.c
ode.tex
\pgfkeys@pathtoks=\toks29
\pgfkeys@temptoks=\toks30
)
\pgf@x=\dimen144
\pgf@y=\dimen145
\pgf@xa=\dimen146
\pgf@ya=\dimen147
\pgf@xb=\dimen148
\pgf@yb=\dimen149
\pgf@xc=\dimen150
\pgf@yc=\dimen151
\c@pgf@counta=\count130
\c@pgf@countb=\count131
\c@pgf@countc=\count132
\c@pgf@countd=\count133

(C:\Users\Cheffe\AppData\Roaming\MiKTeX\2.8\tex\generic\pgf\systemlayer\pgf.cfg
File: pgf.cfg 2008/01/13  (rcs-revision 1.6)
)
Package pgfsys Info: Driver file for pgf: pgfsys-pdftex.def on input line 885.

(C:\Users\Cheffe\AppData\Roaming\MiKTeX\2.8\tex\generic\pgf\systemlayer\pgfsys-
pdftex.def
File: pgfsys-pdftex.def 2007/12/20  (rcs-revision 1.20)

(C:\Users\Cheffe\AppData\Roaming\MiKTeX\2.8\tex\generic\pgf\systemlayer\pgfsys-
common-pdf.def
File: pgfsys-common-pdf.def 2007/12/17  (rcs-revision 1.8)
)))
(C:\Users\Cheffe\AppData\Roaming\MiKTeX\2.8\tex\generic\pgf\systemlayer\pgfsyss
oftpath.code.tex
File: pgfsyssoftpath.code.tex 2008/01/23  (rcs-revision 1.6)
\pgfsyssoftpath@smallbuffer@items=\count134
\pgfsyssoftpath@bigbuffer@items=\count135
)
(C:\Users\Cheffe\AppData\Roaming\MiKTeX\2.8\tex\generic\pgf\systemlayer\pgfsysp
rotocol.code.tex
File: pgfsysprotocol.code.tex 2006/10/16  (rcs-revision 1.4)
))
(C:\Users\Cheffe\AppData\Roaming\MiKTeX\2.8\tex\generic\pgf\basiclayer\pgfcore.
code.tex
Package: pgfcore 2008/01/15 v2.00 (rcs-revision 1.6)

(C:\Users\Cheffe\AppData\Roaming\MiKTeX\2.8\tex\generic\pgf\math\pgfmath.code.t
ex
(C:\Users\Cheffe\AppData\Roaming\MiKTeX\2.8\tex\generic\pgf\math\pgfmathcalc.co
de.tex
(C:\Users\Cheffe\AppData\Roaming\MiKTeX\2.8\tex\generic\pgf\math\pgfmathutil.co
de.tex
\pgfmath@box=\box64
)
(C:\Users\Cheffe\AppData\Roaming\MiKTeX\2.8\tex\generic\pgf\math\pgfmathparser.
code.tex
\pgfmath@stack=\toks31
\c@pgfmath@parsecounta=\count136
\c@pgfmath@parsecountb=\count137
\c@pgfmath@parsecountc=\count138
\pgfmath@parsex=\dimen152
)
(C:\Users\Cheffe\AppData\Roaming\MiKTeX\2.8\tex\generic\pgf\math\pgfmathoperati
ons.code.tex
(C:\Users\Cheffe\AppData\Roaming\MiKTeX\2.8\tex\generic\pgf\math\pgfmathtrig.co
de.tex)
(C:\Users\Cheffe\AppData\Roaming\MiKTeX\2.8\tex\generic\pgf\math\pgfmathrnd.cod
e.tex))
(C:\Users\Cheffe\AppData\Roaming\MiKTeX\2.8\tex\generic\pgf\math\pgfmathbase.co
de.tex)))
(C:\Users\Cheffe\AppData\Roaming\MiKTeX\2.8\tex\generic\pgf\basiclayer\pgfcorep
oints.code.tex
File: pgfcorepoints.code.tex 2008/02/03  (rcs-revision 1.13)
\pgf@picminx=\dimen153
\pgf@picmaxx=\dimen154
\pgf@picminy=\dimen155
\pgf@picmaxy=\dimen156
\pgf@pathminx=\dimen157
\pgf@pathmaxx=\dimen158
\pgf@pathminy=\dimen159
\pgf@pathmaxy=\dimen160
\pgf@xx=\dimen161
\pgf@xy=\dimen162
\pgf@yx=\dimen163
\pgf@yy=\dimen164
\pgf@zx=\dimen165
\pgf@zy=\dimen166
)
(C:\Users\Cheffe\AppData\Roaming\MiKTeX\2.8\tex\generic\pgf\basiclayer\pgfcorep
athconstruct.code.tex
File: pgfcorepathconstruct.code.tex 2008/02/13  (rcs-revision 1.14)
\pgf@path@lastx=\dimen167
\pgf@path@lasty=\dimen168
)
(C:\Users\Cheffe\AppData\Roaming\MiKTeX\2.8\tex\generic\pgf\basiclayer\pgfcorep
athusage.code.tex
File: pgfcorepathusage.code.tex 2008/01/23  (rcs-revision 1.11)
\pgf@shorten@end@additional=\dimen169
\pgf@shorten@start@additional=\dimen170
)
(C:\Users\Cheffe\AppData\Roaming\MiKTeX\2.8\tex\generic\pgf\basiclayer\pgfcores
copes.code.tex
File: pgfcorescopes.code.tex 2008/01/15  (rcs-revision 1.26)
\pgfpic=\box65
\pgf@hbox=\box66
\pgf@layerbox@main=\box67
\pgf@picture@serial@count=\count139
)
(C:\Users\Cheffe\AppData\Roaming\MiKTeX\2.8\tex\generic\pgf\basiclayer\pgfcoreg
raphicstate.code.tex
File: pgfcoregraphicstate.code.tex 2007/12/12  (rcs-revision 1.8)
\pgflinewidth=\dimen171
)
(C:\Users\Cheffe\AppData\Roaming\MiKTeX\2.8\tex\generic\pgf\basiclayer\pgfcoret
ransformations.code.tex
File: pgfcoretransformations.code.tex 2008/02/04  (rcs-revision 1.10)
\pgf@pt@x=\dimen172
\pgf@pt@y=\dimen173
\pgf@pt@temp=\dimen174
)
(C:\Users\Cheffe\AppData\Roaming\MiKTeX\2.8\tex\generic\pgf\basiclayer\pgfcoreq
uick.code.tex
File: pgfcorequick.code.tex 2006/10/11  (rcs-revision 1.2)
)
(C:\Users\Cheffe\AppData\Roaming\MiKTeX\2.8\tex\generic\pgf\basiclayer\pgfcoreo
bjects.code.tex
File: pgfcoreobjects.code.tex 2006/10/11  (rcs-revision 1.2)
)
(C:\Users\Cheffe\AppData\Roaming\MiKTeX\2.8\tex\generic\pgf\basiclayer\pgfcorep
athprocessing.code.tex
File: pgfcorepathprocessing.code.tex 2008/01/23  (rcs-revision 1.7)
)
(C:\Users\Cheffe\AppData\Roaming\MiKTeX\2.8\tex\generic\pgf\basiclayer\pgfcorea
rrows.code.tex
File: pgfcorearrows.code.tex 2007/06/07  (rcs-revision 1.8)
)
(C:\Users\Cheffe\AppData\Roaming\MiKTeX\2.8\tex\generic\pgf\basiclayer\pgfcores
hade.code.tex
File: pgfcoreshade.code.tex 2007/12/10  (rcs-revision 1.9)
\pgf@max=\dimen175
\pgf@sys@shading@range@num=\count140
)
(C:\Users\Cheffe\AppData\Roaming\MiKTeX\2.8\tex\generic\pgf\basiclayer\pgfcorei
mage.code.tex
File: pgfcoreimage.code.tex 2008/01/15  (rcs-revision 1.1)
\pgfexternal@startupbox=\box68
)
(C:\Users\Cheffe\AppData\Roaming\MiKTeX\2.8\tex\generic\pgf\basiclayer\pgfcorel
ayers.code.tex
File: pgfcorelayers.code.tex 2008/01/15  (rcs-revision 1.1)
)
(C:\Users\Cheffe\AppData\Roaming\MiKTeX\2.8\tex\generic\pgf\basiclayer\pgfcoret
ransparency.code.tex
File: pgfcoretransparency.code.tex 2008/01/17  (rcs-revision 1.2)
)
(C:\Users\Cheffe\AppData\Roaming\MiKTeX\2.8\tex\generic\pgf\basiclayer\pgfcorep
atterns.code.tex
File: pgfcorepatterns.code.tex 2008/01/15  (rcs-revision 1.1)
)))
(C:\Users\Cheffe\AppData\Roaming\MiKTeX\2.8\tex\generic\pgf\modules\pgfmodulesh
apes.code.tex
File: pgfmoduleshapes.code.tex 2008/02/13  (rcs-revision 1.4)
\pgfnodeparttextbox=\box69
\toks@savedmacro=\toks32
)
(C:\Users\Cheffe\AppData\Roaming\MiKTeX\2.8\tex\generic\pgf\modules\pgfmodulepl
ot.code.tex
File: pgfmoduleplot.code.tex 2008/01/15  (rcs-revision 1.1)
\pgf@plotwrite=\write4
)
(C:\Users\Cheffe\AppData\Roaming\MiKTeX\2.8\tex\latex\pgf\compatibility\pgfcomp
-version-0-65.sty
Package: pgfcomp-version-0-65 2007/07/03 v2.00 (rcs-revision 1.7)
\pgf@nodesepstart=\dimen176
\pgf@nodesepend=\dimen177
)
(C:\Users\Cheffe\AppData\Roaming\MiKTeX\2.8\tex\latex\pgf\compatibility\pgfcomp
-version-1-18.sty
Package: pgfcomp-version-1-18 2007/07/23 v2.00 (rcs-revision 1.1)
))
(C:\Users\Cheffe\AppData\Roaming\MiKTeX\2.8\tex\latex\pgf\utilities\pgffor.sty
(C:\Users\Cheffe\AppData\Roaming\MiKTeX\2.8\tex\generic\pgf\utilities\pgffor.co
de.tex
Package: pgffor 2007/11/07 v2.00 (rcs-revision 1.8)
\pgffor@iter=\dimen178
\pgffor@skip=\dimen179
))
(C:\Users\Cheffe\AppData\Roaming\MiKTeX\2.8\tex\generic\pgf\frontendlayer\tikz\
tikz.code.tex
Package: tikz 2008/02/13 v2.00 (rcs-revision 1.27)

(C:\Users\Cheffe\AppData\Roaming\MiKTeX\2.8\tex\generic\pgf\libraries\pgflibrar
yplothandlers.code.tex
File: pgflibraryplothandlers.code.tex 2007/03/09 v2.00 (rcs-revision 1.9)
\pgf@plot@mark@count=\count141
\pgfplotmarksize=\dimen180
)
\tikz@lastx=\dimen181
\tikz@lasty=\dimen182
\tikz@lastxsaved=\dimen183
\tikz@lastysaved=\dimen184
\tikzleveldistance=\dimen185
\tikzsiblingdistance=\dimen186
\tikz@figbox=\box70
\tikz@tempbox=\box71
\tikztreelevel=\count142
\tikznumberofchildren=\count143
\tikznumberofcurrentchild=\count144
\tikz@fig@count=\count145

(C:\Users\Cheffe\AppData\Roaming\MiKTeX\2.8\tex\generic\pgf\modules\pgfmodulema
trix.code.tex
File: pgfmodulematrix.code.tex 2008/01/15  (rcs-revision 1.1)
\pgfmatrixcurrentrow=\count146
\pgfmatrixcurrentcolumn=\count147
\pgf@matrix@numberofcolumns=\count148
)
\tikz@expandcount=\count149

(C:\Users\Cheffe\AppData\Roaming\MiKTeX\2.8\tex\generic\pgf\frontendlayer\tikz\
libraries\tikzlibrarytopaths.code.tex
File: tikzlibrarytopaths.code.tex 2008/01/09 v2.00 (rcs-revision 1.1)
)))
(C:\Users\Cheffe\AppData\Roaming\MiKTeX\2.8\tex\generic\pgf\frontendlayer\tikz\
libraries\tikzlibraryautomata.code.tex
File: tikzlibraryautomata.code.tex 2008/02/14 v2.00 (rcs-revision 1.2)
)
(C:\Users\Cheffe\AppData\Roaming\MiKTeX\2.8\tex\generic\pgf\frontendlayer\tikz\
libraries\tikzlibrarypositioning.code.tex
File: tikzlibrarypositioning.code.tex 2008/02/12 v2.00 (rcs-revision 1.5)
)
(C:\Users\Cheffe\AppData\Roaming\MiKTeX\2.8\tex\generic\pgf\frontendlayer\tikz\
libraries\tikzlibrarydecorations.code.tex
(C:\Users\Cheffe\AppData\Roaming\MiKTeX\2.8\tex\generic\pgf\modules\pgfmodulede
corations.code.tex
\pgfdecoratedcompleteddistance=\dimen187
\pgfdecoratedremainingdistance=\dimen188
\pgfdecoratedinputsegmentcompleteddistance=\dimen189
\pgfdecoratedinputsegmentremainingdistance=\dimen190
\pgf@decorate@distancetomove=\dimen191
\pgf@decorate@repeatstate=\count150
\pgfdecorationsegmentamplitude=\dimen192
\pgfdecorationsegmentlength=\dimen193
))
(C:\Users\Cheffe\AppData\Roaming\MiKTeX\2.8\tex\generic\pgf\frontendlayer\tikz\
libraries\tikzlibraryshadows.code.tex
File: tikzlibraryshadows.code.tex 2008/01/13 v2.00 (rcs-revision 1.3)

(C:\Users\Cheffe\AppData\Roaming\MiKTeX\2.8\tex\generic\pgf\frontendlayer\tikz\
libraries\tikzlibraryfadings.code.tex
File: tikzlibraryfadings.code.tex 2008/01/09 v2.00 (rcs-revision 1.1)

(C:\Users\Cheffe\AppData\Roaming\MiKTeX\2.8\tex\generic\pgf\libraries\pgflibrar
yfadings.code.tex
File: pgflibraryfadings.code.tex 2008/02/07 v2.00 (rcs-revision 1.3)
)))
(C:\Users\Cheffe\AppData\Roaming\MiKTeX\2.8\tex\generic\pgf\frontendlayer\tikz\
libraries\tikzlibraryarrows.code.tex
File: tikzlibraryarrows.code.tex 2008/01/09 v2.00 (rcs-revision 1.1)

(C:\Users\Cheffe\AppData\Roaming\MiKTeX\2.8\tex\generic\pgf\libraries\pgflibrar
yarrows.code.tex
File: pgflibraryarrows.code.tex 2007/06/07 v2.00 (rcs-revision 1.7)
))
(C:\Users\Cheffe\AppData\Roaming\MiKTeX\2.8\tex\generic\pgf\frontendlayer\tikz\
libraries\tikzlibrarysnakes.code.tex
File: tikzlibrarysnakes.code.tex 2008/02/05 v2.00 (rcs-revision 1.6)


Package tikz Warning: Snakes have been superseded by decorations. Please use th
e decoration libraries instead of the snakes library on input line 14.


(C:\Users\Cheffe\AppData\Roaming\MiKTeX\2.8\tex\generic\pgf\frontendlayer\tikz\
libraries\tikzlibrarydecorations.pathmorphing.code.tex
(C:\Users\Cheffe\AppData\Roaming\MiKTeX\2.8\tex\generic\pgf\libraries\pgflibrar
ydecorations.pathmorphing.code.tex))
(C:\Users\Cheffe\AppData\Roaming\MiKTeX\2.8\tex\generic\pgf\frontendlayer\tikz\
libraries\tikzlibrarydecorations.pathreplacing.code.tex
(C:\Users\Cheffe\AppData\Roaming\MiKTeX\2.8\tex\generic\pgf\libraries\pgflibrar
ydecorations.pathreplacing.code.tex))
(C:\Users\Cheffe\AppData\Roaming\MiKTeX\2.8\tex\generic\pgf\frontendlayer\tikz\
libraries\tikzlibrarydecorations.shapes.code.tex
(C:\Users\Cheffe\AppData\Roaming\MiKTeX\2.8\tex\generic\pgf\libraries\pgflibrar
ydecorations.shapes.code.tex)))
(C:\Users\Cheffe\AppData\Roaming\MiKTeX\2.8\tex\generic\pgf\frontendlayer\tikz\
libraries\tikzlibrarybackgrounds.code.tex
File: tikzlibrarybackgrounds.code.tex 2008/01/09 v2.00 (rcs-revision 1.1)
\pgf@layerbox@background=\box72
\pgf@layerboxsaved@background=\box73
)
(C:\Users\Cheffe\AppData\Roaming\MiKTeX\2.8\tex\generic\pgf\frontendlayer\tikz\
libraries\tikzlibrarypetri.code.tex
File: tikzlibrarypetri.code.tex 2008/01/09 v2.00 (rcs-revision 1.1)
)
(C:\Users\Cheffe\AppData\Roaming\MiKTeX\2.8\tex\generic\pgf\frontendlayer\tikz\
libraries\tikzlibraryshapes.geometric.code.tex
File: tikzlibraryshapes.geometric.code.tex 2008/01/09 v2.00 (rcs-revision 1.1)

(C:\Users\Cheffe\AppData\Roaming\MiKTeX\2.8\tex\generic\pgf\libraries\pgflibrar
yshapes.geometric.code.tex
File: pgflibraryshapes.geometric.code.tex 2008/02/01 v2.00 (rcs-revision 1.22)
)) (C://Users/Cheffe/Documents/myown.sty

LaTeX Warning: You have requested package `C://Users/Cheffe/Documents/myown',
               but the package provides `myown'.

Package: myown 
)
(C:\Users\Cheffe\AppData\Roaming\MiKTeX\2.8\tex\latex\koma-script\scrpage2.sty
Package: scrpage2 2009/11/11 v2.4 LaTeX2e KOMA-Script package
LaTeX Info: Redefining \pagemark on input line 176.
) (C:\Users\Cheffe\AppData\Roaming\MiKTeX\2.8\tex\latex\setspace\setspace.sty
Package: setspace 2000/12/01 6.7 Contributed and Supported LaTeX2e package

Package: `setspace' 6.7 <2000/12/01>
) ("C:\Program Files\MiKTeX 2.8\tex\latex\hyperref\hyperref.sty"
Package: hyperref 2009/09/23 v6.78v Hypertext links for LaTeX

("C:\Program Files\MiKTeX 2.8\tex\generic\oberdiek\ifpdf.sty"
Package: ifpdf 2009/04/10 v2.0 Provides the ifpdf switch (HO)
Package ifpdf Info: pdfTeX in pdf mode detected.
)
("C:\Program Files\MiKTeX 2.8\tex\generic\oberdiek\ifvtex.sty"
Package: ifvtex 2008/11/04 v1.4 Switches for detecting VTeX and its modes (HO)
Package ifvtex Info: VTeX not detected.
)
("C:\Program Files\MiKTeX 2.8\tex\latex\ifxetex\ifxetex.sty"
Package: ifxetex 2009/01/23 v0.5 Provides ifxetex conditional
)
("C:\Program Files\MiKTeX 2.8\tex\latex\oberdiek\hycolor.sty"
Package: hycolor 2008/09/08 v1.4 Code for color options of hyperref/bookmark (H
O)

("C:\Program Files\MiKTeX 2.8\tex\latex\oberdiek\xcolor-patch.sty"
Package: xcolor-patch 2008/09/08 xcolor patch
))
\@linkdim=\dimen194
\Hy@linkcounter=\count151
\Hy@pagecounter=\count152

("C:\Program Files\MiKTeX 2.8\tex\latex\hyperref\pd1enc.def"
File: pd1enc.def 2009/09/23 v6.78v Hyperref: PDFDocEncoding definition (HO)
)
("C:\Program Files\MiKTeX 2.8\tex\generic\oberdiek\etexcmds.sty"
Package: etexcmds 2007/12/12 v1.2 Prefix for e-TeX command names (HO)

("C:\Program Files\MiKTeX 2.8\tex\generic\oberdiek\infwarerr.sty"
Package: infwarerr 2007/09/09 v1.2 Providing info/warning/message (HO)
)
Package etexcmds Info: Could not find \expanded.
(etexcmds)             That can mean that you are not using pdfTeX 1.50 or
(etexcmds)             that some package has redefined \expanded.
(etexcmds)             In the latter case, load this package earlier.
)
("C:\Program Files\MiKTeX 2.8\tex\latex\00miktex\hyperref.cfg"
File: hyperref.cfg 2002/06/06 v1.2 hyperref configuration of TeXLive
)
("C:\Program Files\MiKTeX 2.8\tex\latex\oberdiek\kvoptions.sty"
Package: kvoptions 2009/08/13 v3.4 Keyval support for LaTeX options (HO)

("C:\Program Files\MiKTeX 2.8\tex\generic\oberdiek\kvsetkeys.sty"
Package: kvsetkeys 2009/07/30 v1.5 Key value parser with default handler suppor
t (HO)
))
Package hyperref Info: Hyper figures OFF on input line 2975.
Package hyperref Info: Link nesting OFF on input line 2980.
Package hyperref Info: Hyper index ON on input line 2983.
Package hyperref Info: Plain pages OFF on input line 2990.
Package hyperref Info: Backreferencing OFF on input line 2995.

Implicit mode ON; LaTeX internals redefined
Package hyperref Info: Bookmarks ON on input line 3191.
LaTeX Info: Redefining \url on input line 3428.
("C:\Program Files\MiKTeX 2.8\tex\generic\oberdiek\bitset.sty"
Package: bitset 2007/09/28 v1.0 Data type bit set (HO)

("C:\Program Files\MiKTeX 2.8\tex\generic\oberdiek\intcalc.sty"
Package: intcalc 2007/09/27 v1.1 Expandable integer calculations (HO)
)
("C:\Program Files\MiKTeX 2.8\tex\generic\oberdiek\bigintcalc.sty"
Package: bigintcalc 2007/11/11 v1.1 Expandable big integer calculations (HO)

("C:\Program Files\MiKTeX 2.8\tex\generic\oberdiek\pdftexcmds.sty"
Package: pdftexcmds 2009/09/23 v0.6 LuaTeX support for pdfTeX utility functions
 (HO)

("C:\Program Files\MiKTeX 2.8\tex\generic\oberdiek\ifluatex.sty"
Package: ifluatex 2009/04/17 v1.2 Provides the ifluatex switch (HO)
Package ifluatex Info: LuaTeX not detected.
)
("C:\Program Files\MiKTeX 2.8\tex\generic\oberdiek\ltxcmds.sty"
Package: ltxcmds 2009/08/05 v1.0 Some LaTeX kernel commands for general use (HO
)
)
Package pdftexcmds Info: LuaTeX not detected.
Package pdftexcmds Info: \pdf@primitive is available.
Package pdftexcmds Info: \pdf@ifprimitive is available.
)))
\Fld@menulength=\count153
\Field@Width=\dimen195
\Fld@charsize=\dimen196
\Field@toks=\toks33
Package hyperref Info: Hyper figures OFF on input line 4346.
Package hyperref Info: Link nesting OFF on input line 4351.
Package hyperref Info: Hyper index ON on input line 4354.
Package hyperref Info: backreferencing OFF on input line 4361.
Package hyperref Info: Link coloring OFF on input line 4366.
Package hyperref Info: Link coloring with OCG OFF on input line 4371.
Package hyperref Info: PDF/A mode OFF on input line 4376.

("C:\Program Files\MiKTeX 2.8\tex\generic\oberdiek\atbegshi.sty"
Package: atbegshi 2008/07/31 v1.9 At begin shipout hook (HO)
)
\Hy@abspage=\count154
\c@Item=\count155
)
*hyperref using default driver hpdftex*
("C:\Program Files\MiKTeX 2.8\tex\latex\hyperref\hpdftex.def"
File: hpdftex.def 2009/09/23 v6.78v Hyperref driver for pdfTeX
\Fld@listcount=\count156
)
Package hyperref Info: Option `breaklinks' set `true' on input line 135.
Package hyperref Info: Option `colorlinks' set `true' on input line 135.


Package hyperref Warning: Option `pagecolor' is not available anymore.


("C:\Users\Cheffe\Documents\My Dropbox\TeX\TeX_Projekte\Tex_Befehle_Projekt\Tex
_Befehle_Projekt.aux"
("C:\Users\Cheffe\Documents\My Dropbox\TeX\TeX_Projekte\Tex_Befehle_Projekt\Ins
tallation/Installation.aux")
("C:\Users\Cheffe\Documents\My Dropbox\TeX\TeX_Projekte\Tex_Befehle_Projekt\Abs
tände/Abstände.aux")
("C:\Users\Cheffe\Documents\My Dropbox\TeX\TeX_Projekte\Tex_Befehle_Projekt\Mat
hematische_Symbole/Mathematische_Symbole.aux")
("C:\Users\Cheffe\Documents\My Dropbox\TeX\TeX_Projekte\Tex_Befehle_Projekt\Ope
ratoren/Operatoren.aux")
("C:\Users\Cheffe\Documents\My Dropbox\TeX\TeX_Projekte\Tex_Befehle_Projekt\Mat
hematische_Elemente/Mathematische_Elemente.aux")
("C:\Users\Cheffe\Documents\My Dropbox\TeX\TeX_Projekte\Tex_Befehle_Projekt\Pro
grammcode/Programmcode.aux")
("C:\Users\Cheffe\Documents\My Dropbox\TeX\TeX_Projekte\Tex_Befehle_Projekt\Tex
tformatierung/Textformatierung.aux")
("C:\Users\Cheffe\Documents\My Dropbox\TeX\TeX_Projekte\Tex_Befehle_Projekt\Lis
ten_und_Aufzählungen/Listen_und_Auszählungen.aux")
("C:\Users\Cheffe\Documents\My Dropbox\TeX\TeX_Projekte\Tex_Befehle_Projekt\Eig
ene_Kommandos/Eigene_Kommandos.aux"))
LaTeX Font Info:    Checking defaults for OML/txmi/m/it on input line 141.
LaTeX Font Info:    Try loading font information for OML+txmi on input line 141
.

(C:\Users\Cheffe\AppData\Roaming\MiKTeX\2.8\tex\latex\txfonts\omltxmi.fd
File: omltxmi.fd 2000/12/15 v3.1
)
LaTeX Font Info:    ... okay on input line 141.
LaTeX Font Info:    Checking defaults for T1/cmr/m/n on input line 141.
LaTeX Font Info:    ... okay on input line 141.
LaTeX Font Info:    Checking defaults for OT1/cmr/m/n on input line 141.
LaTeX Font Info:    ... okay on input line 141.
LaTeX Font Info:    Checking defaults for OMS/txsy/m/n on input line 141.
LaTeX Font Info:    Try loading font information for OMS+txsy on input line 141
.

(C:\Users\Cheffe\AppData\Roaming\MiKTeX\2.8\tex\latex\txfonts\omstxsy.fd
File: omstxsy.fd 2000/12/15 v3.1
)
LaTeX Font Info:    ... okay on input line 141.
LaTeX Font Info:    Checking defaults for OMX/txex/m/n on input line 141.
LaTeX Font Info:    Try loading font information for OMX+txex on input line 141
.

(C:\Users\Cheffe\AppData\Roaming\MiKTeX\2.8\tex\latex\txfonts\omxtxex.fd
File: omxtxex.fd 2000/12/15 v3.1
)
LaTeX Font Info:    ... okay on input line 141.
LaTeX Font Info:    Checking defaults for U/txexa/m/n on input line 141.
LaTeX Font Info:    Try loading font information for U+txexa on input line 141.


(C:\Users\Cheffe\AppData\Roaming\MiKTeX\2.8\tex\latex\txfonts\utxexa.fd
File: utxexa.fd 2000/12/15 v3.1
)
LaTeX Font Info:    ... okay on input line 141.
LaTeX Font Info:    Checking defaults for PD1/pdf/m/n on input line 141.
LaTeX Font Info:    ... okay on input line 141.
LaTeX Font Info:    Try loading font information for T1+txr on input line 141.

(C:\Users\Cheffe\AppData\Roaming\MiKTeX\2.8\tex\latex\txfonts\t1txr.fd
File: t1txr.fd 2000/12/15 v3.1
)
LaTeX Info: Redefining \microtypecontext on input line 141.
Package microtype Info: Generating PDF output.
Package microtype Info: Character protrusion enabled (level 2).
Package microtype Info: Using default protrusion set `alltext'.
Package microtype Info: Automatic font expansion enabled (level 2),
(microtype)             stretch: 20, shrink: 20, step: 1, non-selected.
Package microtype Info: Using default expansion set `basictext'.
Package microtype Info: No tracking.
Package microtype Info: No adjustment of interword spacing.
Package microtype Info: No adjustment of character kerning.

(C:\Users\Cheffe\AppData\Roaming\MiKTeX\2.8\tex\latex\microtype\mt-ptm.cfg
File: mt-ptm.cfg 2006/04/20 v1.7 microtype config. file: Times (RS)
)
("C:\Program Files\MiKTeX 2.8\tex\context\base\supp-pdf.tex"
[Loading MPS to PDF converter (version 2006.09.02).]
\scratchcounter=\count157
\scratchdimen=\dimen197
\scratchbox=\box74
\nofMPsegments=\count158
\nofMParguments=\count159
\everyMPshowfont=\toks34
\MPscratchCnt=\count160
\MPscratchDim=\dimen198
\MPnumerator=\count161
\everyMPtoPDFconversion=\toks35
)
\c@lstlisting=\count162
Package hyperref Info: Link coloring ON on input line 141.
 ("C:\Program Files\MiKTeX 2.8\tex\latex\hyperref\nameref.sty"
Package: nameref 2007/05/29 v2.31 Cross-referencing by name of section

("C:\Program Files\MiKTeX 2.8\tex\latex\oberdiek\refcount.sty"
Package: refcount 2008/08/11 v3.1 Data extraction from references (HO)
)
\c@section@level=\count163
)
LaTeX Info: Redefining \ref on input line 141.
LaTeX Info: Redefining \pageref on input line 141.

("C:\Users\Cheffe\Documents\My Dropbox\TeX\TeX_Projekte\Tex_Befehle_Projekt\Tex
_Befehle_Projekt.out")
("C:\Users\Cheffe\Documents\My Dropbox\TeX\TeX_Projekte\Tex_Befehle_Projekt\Tex
_Befehle_Projekt.out")
\@outlinefile=\write5
\AtBeginShipoutBox=\box75
LaTeX Font Info:    Try loading font information for OT1+txr on input line 151.


(C:\Users\Cheffe\AppData\Roaming\MiKTeX\2.8\tex\latex\txfonts\ot1txr.fd
File: ot1txr.fd 2000/12/15 v3.1
)
LaTeX Font Info:    Try loading font information for U+txsya on input line 151.


(C:\Users\Cheffe\AppData\Roaming\MiKTeX\2.8\tex\latex\txfonts\utxsya.fd
File: utxsya.fd 2000/12/15 v3.1
)
LaTeX Font Info:    Try loading font information for U+txsyb on input line 151.


(C:\Users\Cheffe\AppData\Roaming\MiKTeX\2.8\tex\latex\txfonts\utxsyb.fd
File: utxsyb.fd 2000/12/15 v3.1
)
LaTeX Font Info:    Try loading font information for U+stmry on input line 151.


(C:\Users\Cheffe\AppData\Roaming\MiKTeX\2.8\tex\latex\stmaryrd\ustmry.fd)
LaTeX Font Info:    Try loading font information for U+txmia on input line 151.


(C:\Users\Cheffe\AppData\Roaming\MiKTeX\2.8\tex\latex\txfonts\utxmia.fd
File: utxmia.fd 2000/12/15 v3.1
)
LaTeX Font Info:    Try loading font information for U+txsyc on input line 151.


(C:\Users\Cheffe\AppData\Roaming\MiKTeX\2.8\tex\latex\txfonts\utxsyc.fd
File: utxsyc.fd 2000/12/15 v3.1
)
[1

{C:/Users/Cheffe/AppData/Local/MiKTeX/2.8/pdftex/config/pdftex.map}]
LaTeX Font Info:    Try loading font information for T1+txss on input line 164.


(C:\Users\Cheffe\AppData\Roaming\MiKTeX\2.8\tex\latex\txfonts\t1txss.fd
File: t1txss.fd 2000/12/15 v3.1
)
LaTeX Font Info:    Font shape `T1/txss/m/n' will be
(Font)              scaled to size 9.49997pt on input line 164.
LaTeX Font Info:    Font shape `T1/txss/b/n' in size <10> not available
(Font)              Font shape `T1/txss/bx/n' tried instead on input line 164.
LaTeX Font Info:    Font shape `T1/txss/bx/n' will be
(Font)              scaled to size 9.49997pt on input line 164.
LaTeX Font Info:    Font shape `T1/txss/b/n' in size <14.4> not available
(Font)              Font shape `T1/txss/bx/n' tried instead on input line 164.
LaTeX Font Info:    Font shape `T1/txss/bx/n' will be
(Font)              scaled to size 13.67995pt on input line 164.

("C:\Users\Cheffe\Documents\My Dropbox\TeX\TeX_Projekte\Tex_Befehle_Projekt\Tex
_Befehle_Projekt.toc")
\tf@toc=\write6
 [2]
("C:\Users\Cheffe\Documents\My Dropbox\TeX\TeX_Projekte\Tex_Befehle_Projekt\Ins
tallation/Installation.tex"
LaTeX Font Info:    Font shape `T1/txss/b/n' in size <12> not available
(Font)              Font shape `T1/txss/bx/n' tried instead on input line 3.
LaTeX Font Info:    Font shape `T1/txss/bx/n' will be
(Font)              scaled to size 11.39996pt on input line 3.
LaTeX Font Info:    Try loading font information for T1+txtt on input line 5.

(C:\Users\Cheffe\AppData\Roaming\MiKTeX\2.8\tex\latex\txfonts\t1txtt.fd
File: t1txtt.fd 2000/12/15 v3.1
)
Underfull \hbox (badness 10000) in paragraph at lines 12--15

 []

LaTeX Font Info:    Font shape `T1/txr/b/n' in size <10> not available
(Font)              Font shape `T1/txr/bx/n' tried instead on input line 20.

Overfull \hbox (14.12767pt too wide) in paragraph at lines 23--24
[][]\T1/txr/m/n/10 (-20) Beim \T1/txr/bx/n/10 Pfad der An-wen-dung \T1/txr/m/n/
10 (-20) den Pfad zum View-er an-ge-ben, z.B: []\T1/txtt/m/n/10 D:$\OMS/txsy/m/
n/10 n$\T1/txtt/m/n/10 Programme$\OMS/txsy/m/n/10 n$\T1/txtt/m/n/10 Tracker Sof
tware$\OMS/txsy/m/n/10 n$\T1/txtt/m/n/10 PDF-XChange
 []


Underfull \hbox (badness 10000) in paragraph at lines 25--26

 []

LaTeX Font Info:    Try loading font information for OMS+txr on input line 32.
(C:\Users\Cheffe\AppData\Roaming\MiKTeX\2.8\tex\latex\txfonts\omstxr.fd
File: omstxr.fd 2000/12/15 v3.1
)
LaTeX Font Info:    Font shape `OMS/txr/m/n' in size <10> not available
(Font)              Font shape `OMS/txsy/m/n' tried instead on input line 32.

[3


]
Underfull \hbox (badness 10000) in paragraph at lines 39--40

 []

) [4]
("C:\Users\Cheffe\Documents\My Dropbox\TeX\TeX_Projekte\Tex_Befehle_Projekt\Abs
tände/Abstände.tex") [5


]
("C:\Users\Cheffe\Documents\My Dropbox\TeX\TeX_Projekte\Tex_Befehle_Projekt\Mat
hematische_Symbole/Mathematische_Symbole.tex") [6


]
("C:\Users\Cheffe\Documents\My Dropbox\TeX\TeX_Projekte\Tex_Befehle_Projekt\Ope
ratoren/Operatoren.tex"
(C:\Users\Cheffe\AppData\Roaming\MiKTeX\2.8\tex\latex\listings\lstlang1.sty
File: lstlang1.sty 2004/09/05 1.3 listings language file
)
(C:\Users\Cheffe\AppData\Roaming\MiKTeX\2.8\tex\latex\listings\lstlang2.sty
File: lstlang2.sty 2004/09/05 1.3 listings language file
)
(C:\Users\Cheffe\AppData\Roaming\MiKTeX\2.8\tex\latex\listings\lstlang3.sty
File: lstlang3.sty 2004/09/05 1.3 listings language file
)
(C:\Users\Cheffe\AppData\Roaming\MiKTeX\2.8\tex\latex\listings\lstlang1.sty
File: lstlang1.sty 2004/09/05 1.3 listings language file
)
(C:\Users\Cheffe\AppData\Roaming\MiKTeX\2.8\tex\latex\listings\lstlang2.sty
File: lstlang2.sty 2004/09/05 1.3 listings language file
)
(C:\Users\Cheffe\AppData\Roaming\MiKTeX\2.8\tex\latex\listings\lstlang3.sty
File: lstlang3.sty 2004/09/05 1.3 listings language file
)
(C:\Users\Cheffe\AppData\Roaming\MiKTeX\2.8\tex\latex\listings\lstlang1.sty
File: lstlang1.sty 2004/09/05 1.3 listings language file
)
(C:\Users\Cheffe\AppData\Roaming\MiKTeX\2.8\tex\latex\listings\lstlang2.sty
File: lstlang2.sty 2004/09/05 1.3 listings language file
)
(C:\Users\Cheffe\AppData\Roaming\MiKTeX\2.8\tex\latex\listings\lstlang3.sty
File: lstlang3.sty 2004/09/05 1.3 listings language file
)
(C:\Users\Cheffe\AppData\Roaming\MiKTeX\2.8\tex\latex\listings\lstmisc.sty
File: lstmisc.sty 2007/02/22 1.4 (Carsten Heinz)
)
("C:\Users\Cheffe\Documents\My Dropbox\TeX\TeX_Projekte\Tex_Befehle_Projekt\Tex
_Befehle_Projekt.tmp")
--------------------------------
pos=l
width=.45
hsep=10.0pt
vsep=12.0pt
overhang=0pt
rframe=
codefile=Tex_Befehle_Projekt.tmp
\lst@firstline=1\relax 
\lst@lastline=9999999\relax 
\lst@linerange=
\if@SX@wide=FALSE
\if@SX@rangeaccept=FALSE
\if@SX@varwidth=FALSE
graphicfile=, graphicparameter=[width=\linewidth ]
--------------------------------

("C:\Users\Cheffe\Documents\My Dropbox\TeX\TeX_Projekte\Tex_Befehle_Projekt\Tex
_Befehle_Projekt.tmp")
("C:\Users\Cheffe\Documents\My Dropbox\TeX\TeX_Projekte\Tex_Befehle_Projekt\Tex
_Befehle_Projekt.tmp")
--------------------------------
pos=l
width=.45
hsep=10.0pt
vsep=12.0pt
overhang=0pt
rframe=
codefile=Tex_Befehle_Projekt.tmp
\lst@firstline=1\relax 
\lst@lastline=9999999\relax 
\lst@linerange=
\if@SX@wide=FALSE
\if@SX@rangeaccept=FALSE
\if@SX@varwidth=FALSE
graphicfile=, graphicparameter=[width=\linewidth ]
--------------------------------

("C:\Users\Cheffe\Documents\My Dropbox\TeX\TeX_Projekte\Tex_Befehle_Projekt\Tex
_Befehle_Projekt.tmp") [7


]
("C:\Users\Cheffe\Documents\My Dropbox\TeX\TeX_Projekte\Tex_Befehle_Projekt\Tex
_Befehle_Projekt.tmp")
--------------------------------
pos=l
width=.50
hsep=10.0pt
vsep=12.0pt
overhang=0pt
rframe=
codefile=Tex_Befehle_Projekt.tmp
\lst@firstline=1\relax 
\lst@lastline=9999999\relax 
\lst@linerange=
\if@SX@wide=FALSE
\if@SX@rangeaccept=FALSE
\if@SX@varwidth=FALSE
graphicfile=, graphicparameter=[width=\linewidth ]
--------------------------------

("C:\Users\Cheffe\Documents\My Dropbox\TeX\TeX_Projekte\Tex_Befehle_Projekt\Tex
_Befehle_Projekt.tmp")) [8]
("C:\Users\Cheffe\Documents\My Dropbox\TeX\TeX_Projekte\Tex_Befehle_Projekt\Mat
hematische_Elemente/Mathematische_Elemente.tex"

Package amsmath Warning: Foreign command \atopwithdelims;
(amsmath)                \frac or \genfrac should be used instead
(amsmath)                 on input line 16.


Package amsmath Warning: Foreign command \atop;
(amsmath)                \frac or \genfrac should be used instead
(amsmath)                 on input line 17.


Underfull \hbox (badness 10000) in paragraph at lines 49--52

 []


("C:\Users\Cheffe\Documents\My Dropbox\TeX\TeX_Projekte\Tex_Befehle_Projekt\Tex
_Befehle_Projekt.tmp")
--------------------------------
pos=l
width=.5
hsep=10.0pt
vsep=12.0pt
overhang=0pt
rframe=
codefile=Tex_Befehle_Projekt.tmp
\lst@firstline=1\relax 
\lst@lastline=9999999\relax 
\lst@linerange=
\if@SX@wide=FALSE
\if@SX@rangeaccept=FALSE
\if@SX@varwidth=FALSE
graphicfile=, graphicparameter=[width=\linewidth ]
--------------------------------

("C:\Users\Cheffe\Documents\My Dropbox\TeX\TeX_Projekte\Tex_Befehle_Projekt\Tex
_Befehle_Projekt.tmp")
("C:\Users\Cheffe\Documents\My Dropbox\TeX\TeX_Projekte\Tex_Befehle_Projekt\Tex
_Befehle_Projekt.tmp")
--------------------------------
pos=l
width=.5
hsep=10.0pt
vsep=12.0pt
overhang=0pt
rframe=
codefile=Tex_Befehle_Projekt.tmp
\lst@firstline=1\relax 
\lst@lastline=9999999\relax 
\lst@linerange=
\if@SX@wide=FALSE
\if@SX@rangeaccept=FALSE
\if@SX@varwidth=FALSE
graphicfile=, graphicparameter=[width=\linewidth ]
--------------------------------

("C:\Users\Cheffe\Documents\My Dropbox\TeX\TeX_Projekte\Tex_Befehle_Projekt\Tex
_Befehle_Projekt.tmp")
("C:\Users\Cheffe\Documents\My Dropbox\TeX\TeX_Projekte\Tex_Befehle_Projekt\Tex
_Befehle_Projekt.tmp")
--------------------------------
pos=l
width=.5
hsep=10.0pt
vsep=12.0pt
overhang=0pt
rframe=
codefile=Tex_Befehle_Projekt.tmp
\lst@firstline=1\relax 
\lst@lastline=9999999\relax 
\lst@linerange=
\if@SX@wide=FALSE
\if@SX@rangeaccept=FALSE
\if@SX@varwidth=FALSE
graphicfile=, graphicparameter=[width=\linewidth ]
--------------------------------

("C:\Users\Cheffe\Documents\My Dropbox\TeX\TeX_Projekte\Tex_Befehle_Projekt\Tex
_Befehle_Projekt.tmp") [9


]
("C:\Users\Cheffe\Documents\My Dropbox\TeX\TeX_Projekte\Tex_Befehle_Projekt\Tex
_Befehle_Projekt.tmp")
--------------------------------
pos=l
width=.5
hsep=10.0pt
vsep=12.0pt
overhang=0pt
rframe=
codefile=Tex_Befehle_Projekt.tmp
\lst@firstline=1\relax 
\lst@lastline=9999999\relax 
\lst@linerange=
\if@SX@wide=FALSE
\if@SX@rangeaccept=FALSE
\if@SX@varwidth=FALSE
graphicfile=, graphicparameter=[width=\linewidth ]
--------------------------------

("C:\Users\Cheffe\Documents\My Dropbox\TeX\TeX_Projekte\Tex_Befehle_Projekt\Tex
_Befehle_Projekt.tmp")
("C:\Users\Cheffe\Documents\My Dropbox\TeX\TeX_Projekte\Tex_Befehle_Projekt\Tex
_Befehle_Projekt.tmp")
--------------------------------
pos=l
width=.5
hsep=10.0pt
vsep=12.0pt
overhang=0pt
rframe=
codefile=Tex_Befehle_Projekt.tmp
\lst@firstline=1\relax 
\lst@lastline=9999999\relax 
\lst@linerange=
\if@SX@wide=FALSE
\if@SX@rangeaccept=FALSE
\if@SX@varwidth=FALSE
graphicfile=, graphicparameter=[width=\linewidth ]
--------------------------------

("C:\Users\Cheffe\Documents\My Dropbox\TeX\TeX_Projekte\Tex_Befehle_Projekt\Tex
_Befehle_Projekt.tmp")
("C:\Users\Cheffe\Documents\My Dropbox\TeX\TeX_Projekte\Tex_Befehle_Projekt\Tex
_Befehle_Projekt.tmp")
--------------------------------
pos=l
width=.5
hsep=10.0pt
vsep=12.0pt
overhang=0pt
rframe=
codefile=Tex_Befehle_Projekt.tmp
\lst@firstline=1\relax 
\lst@lastline=9999999\relax 
\lst@linerange=
\if@SX@wide=FALSE
\if@SX@rangeaccept=FALSE
\if@SX@varwidth=FALSE
graphicfile=, graphicparameter=[width=\linewidth ]
--------------------------------

("C:\Users\Cheffe\Documents\My Dropbox\TeX\TeX_Projekte\Tex_Befehle_Projekt\Tex
_Befehle_Projekt.tmp")
("C:\Users\Cheffe\Documents\My Dropbox\TeX\TeX_Projekte\Tex_Befehle_Projekt\Tex
_Befehle_Projekt.tmp")
--------------------------------
pos=l
width=.5
hsep=10.0pt
vsep=12.0pt
overhang=0pt
rframe=
codefile=Tex_Befehle_Projekt.tmp
\lst@firstline=1\relax 
\lst@lastline=9999999\relax 
\lst@linerange=
\if@SX@wide=FALSE
\if@SX@rangeaccept=FALSE
\if@SX@varwidth=FALSE
graphicfile=, graphicparameter=[width=\linewidth ]
--------------------------------

("C:\Users\Cheffe\Documents\My Dropbox\TeX\TeX_Projekte\Tex_Befehle_Projekt\Tex
_Befehle_Projekt.tmp")) [10]
("C:\Users\Cheffe\Documents\My Dropbox\TeX\TeX_Projekte\Tex_Befehle_Projekt\Pro
grammcode/Programmcode.tex"
("C:\Users\Cheffe\Documents\My Dropbox\TeX\TeX_Projekte\Tex_Befehle_Projekt\Tex
_Befehle_Projekt.tmp"
(C:\Users\Cheffe\AppData\Roaming\MiKTeX\2.8\tex\latex\listings\lstlang1.sty
File: lstlang1.sty 2004/09/05 1.3 listings language file
))
--------------------------------
pos=l
width=.45
hsep=10.0pt
vsep=12.0pt
overhang=0pt
rframe=
codefile=Tex_Befehle_Projekt.tmp
\lst@firstline=1\relax 
\lst@lastline=9999999\relax 
\lst@linerange=
\if@SX@wide=FALSE
\if@SX@rangeaccept=FALSE
\if@SX@varwidth=FALSE
graphicfile=, graphicparameter=[width=\linewidth ]
--------------------------------

("C:\Users\Cheffe\Documents\My Dropbox\TeX\TeX_Projekte\Tex_Befehle_Projekt\Tex
_Befehle_Projekt.tmp")) [11


pdfTeX warning (ext4): destination with the same identifier (name{lstnumber.-22
.1}) has been already used, duplicate ignored

\AtBegShi@Output ...ipout \box \AtBeginShipoutBox 
                                                  \fi \fi 
l.184 \include{Programmcode/Programmcode}
                                         pdfTeX warning (ext4): destination wit
h the same identifier (name{lstnumber.-22.2}) has been already used, duplicate 
ignored

\AtBegShi@Output ...ipout \box \AtBeginShipoutBox 
                                                  \fi \fi 
l.184 \include{Programmcode/Programmcode}
                                         pdfTeX warning (ext4): destination wit
h the same identifier (name{lstnumber.-22.3}) has been already used, duplicate 
ignored

\AtBegShi@Output ...ipout \box \AtBeginShipoutBox 
                                                  \fi \fi 
l.184 \include{Programmcode/Programmcode}
                                         pdfTeX warning (ext4): destination wit
h the same identifier (name{lstnumber.-22.4}) has been already used, duplicate 
ignored

\AtBegShi@Output ...ipout \box \AtBeginShipoutBox 
                                                  \fi \fi 
l.184 \include{Programmcode/Programmcode}
                                         pdfTeX warning (ext4): destination wit
h the same identifier (name{lstnumber.-22.5}) has been already used, duplicate 
ignored

\AtBegShi@Output ...ipout \box \AtBeginShipoutBox 
                                                  \fi \fi 
l.184 \include{Programmcode/Programmcode}
                                         pdfTeX warning (ext4): destination wit
h the same identifier (name{lstnumber.-22.6}) has been already used, duplicate 
ignored

\AtBegShi@Output ...ipout \box \AtBeginShipoutBox 
                                                  \fi \fi 
l.184 \include{Programmcode/Programmcode}
                                         pdfTeX warning (ext4): destination wit
h the same identifier (name{lstnumber.-22.7}) has been already used, duplicate 
ignored

\AtBegShi@Output ...ipout \box \AtBeginShipoutBox 
                                                  \fi \fi 
l.184 \include{Programmcode/Programmcode}
                                         pdfTeX warning (ext4): destination wit
h the same identifier (name{lstnumber.-22.8}) has been already used, duplicate 
ignored

\AtBegShi@Output ...ipout \box \AtBeginShipoutBox 
                                                  \fi \fi 
l.184 \include{Programmcode/Programmcode}
                                         ]
("C:\Users\Cheffe\Documents\My Dropbox\TeX\TeX_Projekte\Tex_Befehle_Projekt\Tex
tformatierung/Textformatierung.tex"
("C:\Users\Cheffe\Documents\My Dropbox\TeX\TeX_Projekte\Tex_Befehle_Projekt\Tex
_Befehle_Projekt.tmp")
Underfull \hbox (badness 10000) in paragraph at lines 1--11

 []

--------------------------------
pos=l
width=.45
hsep=10.0pt
vsep=12.0pt
overhang=0pt
rframe=
codefile=Tex_Befehle_Projekt.tmp
\lst@firstline=1\relax 
\lst@lastline=9999999\relax 
\lst@linerange=
\if@SX@wide=FALSE
\if@SX@rangeaccept=FALSE
\if@SX@varwidth=FALSE
graphicfile=, graphicparameter=[width=\linewidth ]
--------------------------------

("C:\Users\Cheffe\Documents\My Dropbox\TeX\TeX_Projekte\Tex_Befehle_Projekt\Tex
_Befehle_Projekt.tmp")
("C:\Users\Cheffe\Documents\My Dropbox\TeX\TeX_Projekte\Tex_Befehle_Projekt\Tex
_Befehle_Projekt.tmp")
Underfull \hbox (badness 10000) in paragraph at lines 1--44

 []

--------------------------------
pos=l
width=.45
hsep=10.0pt
vsep=12.0pt
overhang=0pt
rframe=
codefile=Tex_Befehle_Projekt.tmp
\lst@firstline=1\relax 
\lst@lastline=9999999\relax 
\lst@linerange=
\if@SX@wide=FALSE
\if@SX@rangeaccept=FALSE
\if@SX@varwidth=FALSE
graphicfile=, graphicparameter=[width=\linewidth ]
--------------------------------

("C:\Users\Cheffe\Documents\My Dropbox\TeX\TeX_Projekte\Tex_Befehle_Projekt\Tex
_Befehle_Projekt.tmp") [12


]
("C:\Users\Cheffe\Documents\My Dropbox\TeX\TeX_Projekte\Tex_Befehle_Projekt\Tex
_Befehle_Projekt.tmp")
--------------------------------
pos=l
width=.45
hsep=10.0pt
vsep=12.0pt
overhang=0pt
rframe=
codefile=Tex_Befehle_Projekt.tmp
\lst@firstline=1\relax 
\lst@lastline=9999999\relax 
\lst@linerange=
\if@SX@wide=FALSE
\if@SX@rangeaccept=FALSE
\if@SX@varwidth=FALSE
graphicfile=, graphicparameter=[width=\linewidth ]
--------------------------------

("C:\Users\Cheffe\Documents\My Dropbox\TeX\TeX_Projekte\Tex_Befehle_Projekt\Tex
_Befehle_Projekt.tmp")
LaTeX Font Info:    Font shape `T1/txss/b/n' in size <8> not available
(Font)              Font shape `T1/txss/bx/n' tried instead on input line 63.
LaTeX Font Info:    Font shape `T1/txss/bx/n' will be
(Font)              scaled to size 7.59998pt on input line 63.

Overfull \hbox (56.4421pt too wide) in paragraph at lines 108--108
[]\T1/txtt/m/n/10 baseurl=http://www.server.de/dateiname.pdf,   % URL des PDF-D
okuments (oder  Hintergrundinformationen)[] 
 []

[13]) [14]
("C:\Users\Cheffe\Documents\My Dropbox\TeX\TeX_Projekte\Tex_Befehle_Projekt\Lis
ten_und_Aufzählungen/Listen_und_Auszählungen.tex"
("C:\Users\Cheffe\Documents\My Dropbox\TeX\TeX_Projekte\Tex_Befehle_Projekt\Tex
_Befehle_Projekt.tmp")
--------------------------------
pos=l
width=.45
hsep=10.0pt
vsep=12.0pt
overhang=0pt
rframe=
codefile=Tex_Befehle_Projekt.tmp
\lst@firstline=1\relax 
\lst@lastline=9999999\relax 
\lst@linerange=
\if@SX@wide=FALSE
\if@SX@rangeaccept=FALSE
\if@SX@varwidth=FALSE
graphicfile=, graphicparameter=[width=\linewidth ]
--------------------------------

("C:\Users\Cheffe\Documents\My Dropbox\TeX\TeX_Projekte\Tex_Befehle_Projekt\Tex
_Befehle_Projekt.tmp")
("C:\Users\Cheffe\Documents\My Dropbox\TeX\TeX_Projekte\Tex_Befehle_Projekt\Tex
_Befehle_Projekt.tmp")
--------------------------------
pos=l
width=.45
hsep=10.0pt
vsep=12.0pt
overhang=0pt
rframe=
codefile=Tex_Befehle_Projekt.tmp
\lst@firstline=1\relax 
\lst@lastline=9999999\relax 
\lst@linerange=
\if@SX@wide=FALSE
\if@SX@rangeaccept=FALSE
\if@SX@varwidth=FALSE
graphicfile=, graphicparameter=[width=\linewidth ]
--------------------------------

("C:\Users\Cheffe\Documents\My Dropbox\TeX\TeX_Projekte\Tex_Befehle_Projekt\Tex
_Befehle_Projekt.tmp")
Underfull \hbox (badness 10000) in paragraph at lines 40--54

 []


("C:\Users\Cheffe\Documents\My Dropbox\TeX\TeX_Projekte\Tex_Befehle_Projekt\Tex
_Befehle_Projekt.tmp"
LaTeX Font Info:    Try loading font information for U+ding on input line 2.

(C:\Users\Cheffe\AppData\Roaming\MiKTeX\2.8\tex\latex\bbding\uding.fd
File: Uding.fd 1996/02/01 v1.0 BBding font definitions
))
--------------------------------
pos=l
width=.45
hsep=10.0pt
vsep=12.0pt
overhang=0pt
rframe=
codefile=Tex_Befehle_Projekt.tmp
\lst@firstline=1\relax 
\lst@lastline=9999999\relax 
\lst@linerange=
\if@SX@wide=FALSE
\if@SX@rangeaccept=FALSE
\if@SX@varwidth=FALSE
graphicfile=, graphicparameter=[width=\linewidth ]
--------------------------------

("C:\Users\Cheffe\Documents\My Dropbox\TeX\TeX_Projekte\Tex_Befehle_Projekt\Tex
_Befehle_Projekt.tmp") [15


]
("C:\Users\Cheffe\Documents\My Dropbox\TeX\TeX_Projekte\Tex_Befehle_Projekt\Tex
_Befehle_Projekt.tmp")
--------------------------------
pos=l
width=.45
hsep=10.0pt
vsep=12.0pt
overhang=0pt
rframe=
codefile=Tex_Befehle_Projekt.tmp
\lst@firstline=1\relax 
\lst@lastline=9999999\relax 
\lst@linerange=
\if@SX@wide=FALSE
\if@SX@rangeaccept=FALSE
\if@SX@varwidth=FALSE
graphicfile=, graphicparameter=[width=\linewidth ]
--------------------------------

("C:\Users\Cheffe\Documents\My Dropbox\TeX\TeX_Projekte\Tex_Befehle_Projekt\Tex
_Befehle_Projekt.tmp")
("C:\Users\Cheffe\Documents\My Dropbox\TeX\TeX_Projekte\Tex_Befehle_Projekt\Tex
_Befehle_Projekt.tmp")
--------------------------------
pos=l
width=.45
hsep=10.0pt
vsep=12.0pt
overhang=0pt
rframe=
codefile=Tex_Befehle_Projekt.tmp
\lst@firstline=1\relax 
\lst@lastline=9999999\relax 
\lst@linerange=
\if@SX@wide=FALSE
\if@SX@rangeaccept=FALSE
\if@SX@varwidth=FALSE
graphicfile=, graphicparameter=[width=\linewidth ]
--------------------------------

("C:\Users\Cheffe\Documents\My Dropbox\TeX\TeX_Projekte\Tex_Befehle_Projekt\Tex
_Befehle_Projekt.tmp")) [16]
("C:\Users\Cheffe\Documents\My Dropbox\TeX\TeX_Projekte\Tex_Befehle_Projekt\Eig
ene_Kommandos/Eigene_Kommandos.tex"
Underfull \hbox (badness 10000) in paragraph at lines 4--6

 []


Underfull \hbox (badness 10000) in paragraph at lines 7--9

 []


("C:\Users\Cheffe\Documents\My Dropbox\TeX\TeX_Projekte\Tex_Befehle_Projekt\Tex
_Befehle_Projekt.tmp"
LaTeX Font Info:    Try loading font information for U+ulsy on input line 1.

(C:\Users\Cheffe\AppData\Roaming\MiKTeX\2.8\tex\latex\ulsy\uulsy.fd)
LaTeX Font Info:    Font shape `T1/txr/b/n' in size <17.28> not available
(Font)              Font shape `T1/txr/bx/n' tried instead on input line 3.
LaTeX Font Info:    Font shape `T1/txr/b/n' in size <12> not available
(Font)              Font shape `T1/txr/bx/n' tried instead on input line 5.

Underfull \hbox (badness 10000) in paragraph at lines 1--6

 []

)
Underfull \hbox (badness 10000) in paragraph at lines 6--21

 []

--------------------------------
pos=l
width=.45
hsep=10.0pt
vsep=12.0pt
overhang=0pt
rframe=
codefile=Tex_Befehle_Projekt.tmp
\lst@firstline=1\relax 
\lst@lastline=9999999\relax 
\lst@linerange=
\if@SX@wide=FALSE
\if@SX@rangeaccept=FALSE
\if@SX@varwidth=FALSE
graphicfile=, graphicparameter=[width=\linewidth ]
--------------------------------

("C:\Users\Cheffe\Documents\My Dropbox\TeX\TeX_Projekte\Tex_Befehle_Projekt\Tex
_Befehle_Projekt.tmp")) [17


]
("C:\Users\Cheffe\Documents\My Dropbox\TeX\TeX_Projekte\Tex_Befehle_Projekt\Tab
ellen/Tabellen.tex"
("C:\Users\Cheffe\Documents\My Dropbox\TeX\TeX_Projekte\Tex_Befehle_Projekt\Tex
_Befehle_Projekt.tmp"
Underfull \hbox (badness 6910) in paragraph at lines 2--2
\T1/txr/m/n/10 (+20) satz der Brei-te
 []

)
Overfull \hbox (18.45874pt too wide) in paragraph at lines 1--42
[][][] 
 []

--------------------------------
pos=l
width=.50
hsep=10.0pt
vsep=12.0pt
overhang=0pt
rframe=
codefile=Tex_Befehle_Projekt.tmp
\lst@firstline=1\relax 
\lst@lastline=9999999\relax 
\lst@linerange=
\if@SX@wide=FALSE
\if@SX@rangeaccept=FALSE
\if@SX@varwidth=FALSE
graphicfile=, graphicparameter=[width=\linewidth ]
--------------------------------

("C:\Users\Cheffe\Documents\My Dropbox\TeX\TeX_Projekte\Tex_Befehle_Projekt\Tex
_Befehle_Projekt.tmp") [18


]
Underfull \hbox (badness 10000) in paragraph at lines 65--66

 []

pdfTeX warning (ext4): destination with the same identifier (name{tabul}) has b
een already used, duplicate ignored
<to be read again> 
                   \relax 
l.68 ...get{tabul}{\subsubsection{Spaltenabstand}}
                                                  

LaTeX Warning: \verb may be unreliable inside tabularx on input line 86.


("C:\Users\Cheffe\Documents\My Dropbox\TeX\TeX_Projekte\Tex_Befehle_Projekt\Tex
_Befehle_Projekt.tmp")
--------------------------------
pos=l
width=.45
hsep=10.0pt
vsep=12.0pt
overhang=0pt
rframe=
codefile=Tex_Befehle_Projekt.tmp
\lst@firstline=1\relax 
\lst@lastline=9999999\relax 
\lst@linerange=
\if@SX@wide=FALSE
\if@SX@rangeaccept=FALSE
\if@SX@varwidth=FALSE
graphicfile=, graphicparameter=[width=\linewidth ]
--------------------------------

("C:\Users\Cheffe\Documents\My Dropbox\TeX\TeX_Projekte\Tex_Befehle_Projekt\Tex
_Befehle_Projekt.tmp") [19]
("C:\Users\Cheffe\Documents\My Dropbox\TeX\TeX_Projekte\Tex_Befehle_Projekt\Tex
_Befehle_Projekt.tmp")
--------------------------------
pos=l
width=.45
hsep=10.0pt
vsep=12.0pt
overhang=0pt
rframe=
codefile=Tex_Befehle_Projekt.tmp
\lst@firstline=1\relax 
\lst@lastline=9999999\relax 
\lst@linerange=
\if@SX@wide=FALSE
\if@SX@rangeaccept=FALSE
\if@SX@varwidth=FALSE
graphicfile=, graphicparameter=[width=\linewidth ]
--------------------------------

("C:\Users\Cheffe\Documents\My Dropbox\TeX\TeX_Projekte\Tex_Befehle_Projekt\Tex
_Befehle_Projekt.tmp")
("C:\Users\Cheffe\Documents\My Dropbox\TeX\TeX_Projekte\Tex_Befehle_Projekt\Tex
_Befehle_Projekt.tmp"
\c@tabenum=\count164
)
--------------------------------
pos=l
width=.35
hsep=10.0pt
vsep=12.0pt
overhang=0pt
rframe=
codefile=Tex_Befehle_Projekt.tmp
\lst@firstline=1\relax 
\lst@lastline=9999999\relax 
\lst@linerange=
\if@SX@wide=FALSE
\if@SX@rangeaccept=FALSE
\if@SX@varwidth=FALSE
graphicfile=, graphicparameter=[width=\linewidth ]
--------------------------------

("C:\Users\Cheffe\Documents\My Dropbox\TeX\TeX_Projekte\Tex_Befehle_Projekt\Tex
_Befehle_Projekt.tmp") [20]
Underfull \hbox (badness 10000) in paragraph at lines 158--161

 []


Underfull \hbox (badness 10000) in paragraph at lines 169--171

 []

) [21]
("C:\Users\Cheffe\Documents\My Dropbox\TeX\TeX_Projekte\Tex_Befehle_Projekt\Far
ben/Farben.tex"
LaTeX Font Info:    Font shape `T1/txtt/b/n' in size <12> not available
(Font)              Font shape `T1/txtt/bx/n' tried instead on input line 18.

("C:\Users\Cheffe\Documents\My Dropbox\TeX\TeX_Projekte\Tex_Befehle_Projekt\Tex
_Befehle_Projekt.tmp")
--------------------------------
pos=l
width=.40
hsep=10.0pt
vsep=12.0pt
overhang=0pt
rframe=
codefile=Tex_Befehle_Projekt.tmp
\lst@firstline=1\relax 
\lst@lastline=9999999\relax 
\lst@linerange=
\if@SX@wide=FALSE
\if@SX@rangeaccept=FALSE
\if@SX@varwidth=FALSE
graphicfile=, graphicparameter=[width=\linewidth ]
--------------------------------

("C:\Users\Cheffe\Documents\My Dropbox\TeX\TeX_Projekte\Tex_Befehle_Projekt\Tex
_Befehle_Projekt.tmp")
("C:\Users\Cheffe\Documents\My Dropbox\TeX\TeX_Projekte\Tex_Befehle_Projekt\Tex
_Befehle_Projekt.tmp")
--------------------------------
pos=l
width=.40
hsep=10.0pt
vsep=12.0pt
overhang=0pt
rframe=
codefile=Tex_Befehle_Projekt.tmp
\lst@firstline=1\relax 
\lst@lastline=9999999\relax 
\lst@linerange=
\if@SX@wide=FALSE
\if@SX@rangeaccept=FALSE
\if@SX@varwidth=FALSE
graphicfile=, graphicparameter=[width=\linewidth ]
--------------------------------

("C:\Users\Cheffe\Documents\My Dropbox\TeX\TeX_Projekte\Tex_Befehle_Projekt\Tex
_Befehle_Projekt.tmp")
("C:\Users\Cheffe\Documents\My Dropbox\TeX\TeX_Projekte\Tex_Befehle_Projekt\Tex
_Befehle_Projekt.tmp")
--------------------------------
pos=l
width=.40
hsep=10.0pt
vsep=12.0pt
overhang=0pt
rframe=
codefile=Tex_Befehle_Projekt.tmp
\lst@firstline=1\relax 
\lst@lastline=9999999\relax 
\lst@linerange=
\if@SX@wide=FALSE
\if@SX@rangeaccept=FALSE
\if@SX@varwidth=FALSE
graphicfile=, graphicparameter=[width=\linewidth ]
--------------------------------

("C:\Users\Cheffe\Documents\My Dropbox\TeX\TeX_Projekte\Tex_Befehle_Projekt\Tex
_Befehle_Projekt.tmp")
("C:\Users\Cheffe\Documents\My Dropbox\TeX\TeX_Projekte\Tex_Befehle_Projekt\Tex
_Befehle_Projekt.tmp")
--------------------------------
pos=l
width=.40
hsep=10.0pt
vsep=12.0pt
overhang=0pt
rframe=
codefile=Tex_Befehle_Projekt.tmp
\lst@firstline=1\relax 
\lst@lastline=9999999\relax 
\lst@linerange=
\if@SX@wide=FALSE
\if@SX@rangeaccept=FALSE
\if@SX@varwidth=FALSE
graphicfile=, graphicparameter=[width=\linewidth ]
--------------------------------

("C:\Users\Cheffe\Documents\My Dropbox\TeX\TeX_Projekte\Tex_Befehle_Projekt\Tex
_Befehle_Projekt.tmp")
("C:\Users\Cheffe\Documents\My Dropbox\TeX\TeX_Projekte\Tex_Befehle_Projekt\Tex
_Befehle_Projekt.tmp")
--------------------------------
pos=l
width=.40
hsep=10.0pt
vsep=12.0pt
overhang=0pt
rframe=
codefile=Tex_Befehle_Projekt.tmp
\lst@firstline=1\relax 
\lst@lastline=9999999\relax 
\lst@linerange=
\if@SX@wide=FALSE
\if@SX@rangeaccept=FALSE
\if@SX@varwidth=FALSE
graphicfile=, graphicparameter=[width=\linewidth ]
--------------------------------

("C:\Users\Cheffe\Documents\My Dropbox\TeX\TeX_Projekte\Tex_Befehle_Projekt\Tex
_Befehle_Projekt.tmp")
("C:\Users\Cheffe\Documents\My Dropbox\TeX\TeX_Projekte\Tex_Befehle_Projekt\Tex
_Befehle_Projekt.tmp")
--------------------------------
pos=l
width=.40
hsep=10.0pt
vsep=12.0pt
overhang=0pt
rframe=
codefile=Tex_Befehle_Projekt.tmp
\lst@firstline=1\relax 
\lst@lastline=9999999\relax 
\lst@linerange=
\if@SX@wide=FALSE
\if@SX@rangeaccept=FALSE
\if@SX@varwidth=FALSE
graphicfile=, graphicparameter=[width=\linewidth ]
--------------------------------

("C:\Users\Cheffe\Documents\My Dropbox\TeX\TeX_Projekte\Tex_Befehle_Projekt\Tex
_Befehle_Projekt.tmp")
("C:\Users\Cheffe\Documents\My Dropbox\TeX\TeX_Projekte\Tex_Befehle_Projekt\Tex
_Befehle_Projekt.tmp"
Overfull \hbox (11.6394pt too wide) in paragraph at lines 1--1
 [][] 
 []

)
--------------------------------
pos=l
width=.40
hsep=10.0pt
vsep=12.0pt
overhang=0pt
rframe=
codefile=Tex_Befehle_Projekt.tmp
\lst@firstline=1\relax 
\lst@lastline=9999999\relax 
\lst@linerange=
\if@SX@wide=FALSE
\if@SX@rangeaccept=FALSE
\if@SX@varwidth=FALSE
graphicfile=, graphicparameter=[width=\linewidth ]
--------------------------------

("C:\Users\Cheffe\Documents\My Dropbox\TeX\TeX_Projekte\Tex_Befehle_Projekt\Tex
_Befehle_Projekt.tmp") [22


]) [23]
("C:\Users\Cheffe\Documents\My Dropbox\TeX\TeX_Projekte\Tex_Befehle_Projekt\Ind
exregister/Indexregister.tex") [24


]
("C:\Users\Cheffe\Documents\My Dropbox\TeX\TeX_Projekte\Tex_Befehle_Projekt\Tex
_Befehle_Projekt.aux"
("C:\Users\Cheffe\Documents\My Dropbox\TeX\TeX_Projekte\Tex_Befehle_Projekt\Ins
tallation/Installation.aux")
("C:\Users\Cheffe\Documents\My Dropbox\TeX\TeX_Projekte\Tex_Befehle_Projekt\Abs
tände/Abstände.aux")
("C:\Users\Cheffe\Documents\My Dropbox\TeX\TeX_Projekte\Tex_Befehle_Projekt\Mat
hematische_Symbole/Mathematische_Symbole.aux")
("C:\Users\Cheffe\Documents\My Dropbox\TeX\TeX_Projekte\Tex_Befehle_Projekt\Ope
ratoren/Operatoren.aux")
("C:\Users\Cheffe\Documents\My Dropbox\TeX\TeX_Projekte\Tex_Befehle_Projekt\Mat
hematische_Elemente/Mathematische_Elemente.aux")
("C:\Users\Cheffe\Documents\My Dropbox\TeX\TeX_Projekte\Tex_Befehle_Projekt\Pro
grammcode/Programmcode.aux")
("C:\Users\Cheffe\Documents\My Dropbox\TeX\TeX_Projekte\Tex_Befehle_Projekt\Tex
tformatierung/Textformatierung.aux")
("C:\Users\Cheffe\Documents\My Dropbox\TeX\TeX_Projekte\Tex_Befehle_Projekt\Lis
ten_und_Aufzählungen/Listen_und_Auszählungen.aux")
("C:\Users\Cheffe\Documents\My Dropbox\TeX\TeX_Projekte\Tex_Befehle_Projekt\Eig
ene_Kommandos/Eigene_Kommandos.aux")
("C:\Users\Cheffe\Documents\My Dropbox\TeX\TeX_Projekte\Tex_Befehle_Projekt\Tab
ellen/Tabellen.aux")
("C:\Users\Cheffe\Documents\My Dropbox\TeX\TeX_Projekte\Tex_Befehle_Projekt\Far
ben/Farben.aux")
("C:\Users\Cheffe\Documents\My Dropbox\TeX\TeX_Projekte\Tex_Befehle_Projekt\Ind
exregister/Indexregister.aux"))

 *File List*
scrartcl.cls    2010/02/15 v3.05 KOMA-Script document class (article)
scrkbase.sty    2010/02/15 v3.05 KOMA-Script package (KOMA-Script-dependent bas
ics and keyval usage)
 scrbase.sty    2010/02/15 v3.05 KOMA-Script package (KOMA-Script-independent b
asics and keyval usage)
  keyval.sty    1999/03/16 v1.13 key=value parser (DPC)
scrlfile.sty    2009/03/25 v3.03 KOMA-Script package (loading files)
tocbasic.sty    2010/01/05 v3.04b KOMA-Script package (handling toc-files)
scrsize10pt.clo    2010/02/15 v3.05 KOMA-Script font size class option (10pt)
typearea.sty    2010/02/15 v3.05 KOMA-Script package (type area)
   babel.sty    2008/07/06 v3.8l The Babel package
 bblopts.cfg    2006/07/31 v1.0 MiKTeX 'babel' configuration
ngermanb.ldf    2008/07/06 v2.6n new German support from the babel system
 fontenc.sty
   t1enc.def    2005/09/27 v1.99g Standard LaTeX file
inputenc.sty    2006/05/05 v1.1b Input encoding file
  latin1.def    2006/05/05 v1.1b Input encoding file
 charter.sty    2005/04/12 PSNFSS-v9.2a (P.Dyballa) 
  helvet.sty    2005/04/12 PSNFSS-v9.2a (WaS) 
 courier.sty    2005/04/12 PSNFSS-v9.2a (WaS) 
microtype.sty    2010/01/10 v2.4 Micro-typography with pdfTeX (RS)
microtype.cfg    2010/01/10 v2.4 microtype main configuration file (RS)
graphicx.sty    1999/02/16 v1.0f Enhanced LaTeX Graphics (DPC,SPQR)
graphics.sty    2006/02/20 v1.0o Standard LaTeX Graphics (DPC,SPQR)
    trig.sty    1999/03/16 v1.09 sin cos tan (DPC)
graphics.cfg    2007/01/18 v1.5 graphics configuration of teTeX/TeXLive
  pdftex.def    2009/08/25 v0.04m Graphics/color for pdfTeX
multicol.sty    2006/05/18 v1.6g multicolumn formatting (FMi)
     url.sty    2006/04/12  ver 3.3  Verb mode for urls, etc.
 amsmath.sty    2000/07/18 v2.13 AMS math features
 amstext.sty    2000/06/29 v2.01
  amsgen.sty    1999/11/30 v2.0
  amsbsy.sty    1999/11/29 v1.2d
  amsopn.sty    1999/12/14 v2.01 operator names
amsfonts.sty    2009/06/22 v3.00 Basic AMSFonts support
stmaryrd.sty    1994/03/03 St Mary's Road symbol package
listings.sty    2007/02/22 1.4 (Carsten Heinz)
 lstmisc.sty    2007/02/22 1.4 (Carsten Heinz)
listings.cfg    2007/02/22 1.4 listings configuration
  xcolor.sty    2007/01/21 v2.11 LaTeX color extensions (UK)
   color.cfg    2007/01/18 v1.5 color configuration of teTeX/TeXLive
  svgnam.def    2007/01/21 v2.11 Predefined colors according to SVG 1.1 (UK)
showexpl.sty    2007/02/03 v0.3h Typesetting example code (RN)
    calc.sty    2005/08/06 v4.2 Infix arithmetic (KKT,FJ)
  ifthen.sty    2001/05/26 v1.1c Standard LaTeX ifthen package (DPC)
varwidth.sty    2009/03/30 ver 0.92;  Variable-width minipages
 lstmisc.sty    2007/02/22 1.4 (Carsten Heinz)
  bbding.sty    1999/04/15 v1.01 Dingbats symbols
 txfonts.sty    2008/01/22 v3.2.1
    ulsy.sty    
listliketab.sty    2005/01/09 v1.0a Create list-like tabulars
   array.sty    2005/08/23 v2.4b Tabular extension package (FMi)
tabularx.sty    1999/01/07 v2.07 `tabularx' package (DPC)
longtable.sty    2004/02/01 v4.11 Multi-page Table package (DPC)
  framed.sty    2007/10/04 v 0.95: framed or shaded text with page breaks
    tikz.sty    2008/02/13 v2.00 (rcs-revision 1.27)
     pgf.sty    2008/01/15 v2.00 (rcs-revision 1.12)
  pgfrcs.sty    2008/02/20 v2.00 (rcs-revision 1.21)
  pgfrcs.code.tex
 pgfcore.sty    2008/01/15 v2.00 (rcs-revision 1.6)
  pgfsys.sty    2008/02/07 v2.00 (rcs-revision 1.31)
  pgfsys.code.tex
pgfsyssoftpath.code.tex    2008/01/23  (rcs-revision 1.6)
pgfsysprotocol.code.tex    2006/10/16  (rcs-revision 1.4)
 pgfcore.code.tex
pgfcomp-version-0-65.sty    2007/07/03 v2.00 (rcs-revision 1.7)
pgfcomp-version-1-18.sty    2007/07/23 v2.00 (rcs-revision 1.1)
  pgffor.sty    2007/11/07 v2.00 (rcs-revision 1.8)
  pgffor.code.tex
    tikz.code.tex
C://Users/Cheffe/Documents/myown.sty
scrpage2.sty    2009/11/11 v2.4 LaTeX2e KOMA-Script package
setspace.sty    2000/12/01 6.7 Contributed and Supported LaTeX2e package
hyperref.sty    2009/09/23 v6.78v Hypertext links for LaTeX
   ifpdf.sty    2009/04/10 v2.0 Provides the ifpdf switch (HO)
  ifvtex.sty    2008/11/04 v1.4 Switches for detecting VTeX and its modes (HO)
 ifxetex.sty    2009/01/23 v0.5 Provides ifxetex conditional
 hycolor.sty    2008/09/08 v1.4 Code for color options of hyperref/bookmark (HO
)
xcolor-patch.sty    2008/09/08 xcolor patch
  pd1enc.def    2009/09/23 v6.78v Hyperref: PDFDocEncoding definition (HO)
etexcmds.sty    2007/12/12 v1.2 Prefix for e-TeX command names (HO)
infwarerr.sty    2007/09/09 v1.2 Providing info/warning/message (HO)
hyperref.cfg    2002/06/06 v1.2 hyperref configuration of TeXLive
kvoptions.sty    2009/08/13 v3.4 Keyval support for LaTeX options (HO)
kvsetkeys.sty    2009/07/30 v1.5 Key value parser with default handler support 
(HO)
  bitset.sty    2007/09/28 v1.0 Data type bit set (HO)
 intcalc.sty    2007/09/27 v1.1 Expandable integer calculations (HO)
bigintcalc.sty    2007/11/11 v1.1 Expandable big integer calculations (HO)
pdftexcmds.sty    2009/09/23 v0.6 LuaTeX support for pdfTeX utility functions (
HO)
ifluatex.sty    2009/04/17 v1.2 Provides the ifluatex switch (HO)
 ltxcmds.sty    2009/08/05 v1.0 Some LaTeX kernel commands for general use (HO)

atbegshi.sty    2008/07/31 v1.9 At begin shipout hook (HO)
 hpdftex.def    2009/09/23 v6.78v Hyperref driver for pdfTeX
 omltxmi.fd    2000/12/15 v3.1
 omstxsy.fd    2000/12/15 v3.1
 omxtxex.fd    2000/12/15 v3.1
  utxexa.fd    2000/12/15 v3.1
   t1txr.fd    2000/12/15 v3.1
  mt-ptm.cfg    2006/04/20 v1.7 microtype config. file: Times (RS)
supp-pdf.tex
 nameref.sty    2007/05/29 v2.31 Cross-referencing by name of section
refcount.sty    2008/08/11 v3.1 Data extraction from references (HO)
Tex_Befehle_Projekt.out
Tex_Befehle_Projekt.out
  ot1txr.fd    2000/12/15 v3.1
  utxsya.fd    2000/12/15 v3.1
  utxsyb.fd    2000/12/15 v3.1
  ustmry.fd
  utxmia.fd    2000/12/15 v3.1
  utxsyc.fd    2000/12/15 v3.1
  t1txss.fd    2000/12/15 v3.1
Installation/Installation.tex
  t1txtt.fd    2000/12/15 v3.1
  omstxr.fd    2000/12/15 v3.1
Abstände/Abstände.tex
Mathematische_Symbole/Mathematische_Symbole.tex
Operatoren/Operatoren.tex
lstlang1.sty    2004/09/05 1.3 listings language file
lstlang2.sty    2004/09/05 1.3 listings language file
lstlang3.sty    2004/09/05 1.3 listings language file
lstlang1.sty    2004/09/05 1.3 listings language file
lstlang2.sty    2004/09/05 1.3 listings language file
lstlang3.sty    2004/09/05 1.3 listings language file
lstlang1.sty    2004/09/05 1.3 listings language file
lstlang2.sty    2004/09/05 1.3 listings language file
lstlang3.sty    2004/09/05 1.3 listings language file
 lstmisc.sty    2007/02/22 1.4 (Carsten Heinz)
Mathematische_Elemente/Mathematische_Elemente.tex
Programmcode/Programmcode.tex
Textformatierung/Textformatierung.tex
Listen_und_Aufzählungen/Listen_und_Auszählungen.tex
Eigene_Kommandos/Eigene_Kommandos.tex
Tabellen/Tabellen.tex
Farben/Farben.tex
Indexregister/Indexregister.tex
 ***********


LaTeX Warning: Label(s) may have changed. Rerun to get cross-references right.

 ) 
Here is how much of TeX's memory you used:
 22455 strings out of 495285
 397571 string characters out of 3180390
 673445 words of memory out of 3000000
 24336 multiletter control sequences out of 15000+200000
 115757 words of font info for 296 fonts, out of 3000000 for 9000
 14 hyphenation exceptions out of 8191
 53i,20n,80p,519b,2573s stack positions out of 5000i,500n,10000p,200000b,50000s
pdfTeX warning (dest): name{fileco} has been referenced but does not exist, r
eplaced by a fixed one

 <C:\Users\Cheffe\AppData\Local\MiKTeX\2.8\fonts\pk\ljfour\public\bbding\dpi300
\bbding10.pk> <C:\Users\Cheffe\AppData\Local\MiKTeX\2.8\fonts\pk\ljfour\public\
bbding\dpi600\bbding10.pk>{C:/Program Files/MiKTeX 2.8/fonts/enc/dvips/fontname
/8r.enc}<C:/Users/Cheffe/AppData/Roaming/MiKTeX/2.8/fonts/type1/public/txfonts/
rtxi.pfb><C:/Users/Cheffe/AppData/Roaming/MiKTeX/2.8/fonts/type1/public/txfonts
/rtxmi.pfb><C:/Users/Cheffe/AppData/Roaming/MiKTeX/2.8/fonts/type1/public/txfon
ts/rtxr.pfb><C:/Users/Cheffe/AppData/Roaming/MiKTeX/2.8/fonts/type1/public/txfo
nts/rtxsc.pfb><C:/Program Files/MiKTeX 2.8/fonts/type1/hoekwater/stmaryrd/stmar
y10.pfb><C:/Users/Cheffe/AppData/Roaming/MiKTeX/2.8/fonts/type1/public/txfonts/
t1xbtt.pfb><C:/Users/Cheffe/AppData/Roaming/MiKTeX/2.8/fonts/type1/public/txfon
ts/t1xtt.pfb><C:/Users/Cheffe/AppData/Roaming/MiKTeX/2.8/fonts/type1/public/txf
onts/txex.pfb><C:/Users/Cheffe/AppData/Roaming/MiKTeX/2.8/fonts/type1/public/tx
fonts/txexa.pfb><C:/Users/Cheffe/AppData/Roaming/MiKTeX/2.8/fonts/type1/public/
txfonts/txsy.pfb><C:/Users/Cheffe/AppData/Roaming/MiKTeX/2.8/fonts/type1/public
/txfonts/txsya.pfb><C:/Users/Cheffe/AppData/Roaming/MiKTeX/2.8/fonts/type1/publ
ic/txfonts/txsyb.pfb><C:/Users/Cheffe/AppData/Roaming/MiKTeX/2.8/fonts/type1/pu
blic/txfonts/txsyc.pfb><C:/Program Files/MiKTeX 2.8/fonts/type1/urw/helvetic/uh
vb8a.pfb><C:/Users/Cheffe/AppData/Roaming/MiKTeX/2.8/fonts/type1/public/ulsy/ul
sy.pfa><C:/Program Files/MiKTeX 2.8/fonts/type1/urw/times/utmb8a.pfb><C:/Progra
m Files/MiKTeX 2.8/fonts/type1/urw/times/utmr8a.pfb><C:/Program Files/MiKTeX 2.
8/fonts/type1/urw/times/utmr8a.pfb><C:/Program Files/MiKTeX 2.8/fonts/type1/urw
/times/utmri8a.pfb>
Output written on Tex_Befehle_Projekt.pdf (24 pages, 264366 bytes).
PDF statistics:
 773 PDF objects out of 1000 (max. 8388607)
 343 named destinations out of 1000 (max. 500000)
 79877 words of extra memory for PDF output out of 89155 (max. 10000000)

